{"contracts/components/access/AccessManager.sol":{"l":{"28":0,"29":0,"30":0,"31":0,"40":0,"56":0,"64":0,"72":0},"path":"/Users/robertocantu/ethereum_programming/forta/forta-contracts/contracts/components/access/AccessManager.sol","s":{"1":0,"2":0,"3":0,"4":0,"5":0,"6":0,"7":0,"8":0},"b":{"1":[0,0]},"f":{"1":0,"2":0,"3":0,"4":0,"5":0,"6":0,"7":0},"fnMap":{"1":{"name":"constructor","line":21,"loc":{"start":{"line":21,"column":4},"end":{"line":21,"column":76}}},"2":{"name":"initialize","line":27,"loc":{"start":{"line":27,"column":4},"end":{"line":32,"column":4}}},"3":{"name":"setNewRole","line":39,"loc":{"start":{"line":39,"column":4},"end":{"line":41,"column":4}}},"4":{"name":"_authorizeUpgrade","line":47,"loc":{"start":{"line":47,"column":4},"end":{"line":48,"column":4}}},"5":{"name":"setName","line":55,"loc":{"start":{"line":55,"column":4},"end":{"line":57,"column":4}}},"6":{"name":"_msgSender","line":63,"loc":{"start":{"line":63,"column":4},"end":{"line":65,"column":4}}},"7":{"name":"_msgData","line":71,"loc":{"start":{"line":71,"column":4},"end":{"line":73,"column":4}}}},"statementMap":{"1":{"start":{"line":28,"column":8},"end":{"line":28,"column":64}},"2":{"start":{"line":29,"column":8},"end":{"line":29,"column":29}},"3":{"start":{"line":30,"column":8},"end":{"line":30,"column":31}},"4":{"start":{"line":31,"column":8},"end":{"line":31,"column":46}},"5":{"start":{"line":40,"column":8},"end":{"line":40,"column":33}},"6":{"start":{"line":56,"column":8},"end":{"line":56,"column":59}},"7":{"start":{"line":64,"column":8},"end":{"line":64,"column":33}},"8":{"start":{"line":72,"column":8},"end":{"line":72,"column":31}}},"branchMap":{"1":{"line":28,"type":"if","locations":[{"start":{"line":28,"column":8},"end":{"line":28,"column":8}},{"start":{"line":28,"column":8},"end":{"line":28,"column":8}}]}}},"contracts/components/agents/AgentRegistry.sol":{"l":{"35":0,"36":0,"61":0,"62":0,"80":0,"90":0,"98":0,"106":0},"path":"/Users/robertocantu/ethereum_programming/forta/forta-contracts/contracts/components/agents/AgentRegistry.sol","s":{"1":0,"2":0,"3":0,"4":0,"5":0,"6":0,"7":0,"8":0},"b":{},"f":{"1":0,"2":0,"3":0,"4":0,"5":0,"6":0,"7":0},"fnMap":{"1":{"name":"constructor","line":22,"loc":{"start":{"line":22,"column":4},"end":{"line":22,"column":76}}},"2":{"name":"initialize","line":34,"loc":{"start":{"line":30,"column":4},"end":{"line":37,"column":4}}},"3":{"name":"getAgentState","line":50,"loc":{"start":{"line":50,"column":4},"end":{"line":71,"column":4}}},"4":{"name":"_beforeAgentUpdate","line":79,"loc":{"start":{"line":79,"column":4},"end":{"line":81,"column":4}}},"5":{"name":"_agentUpdate","line":89,"loc":{"start":{"line":89,"column":4},"end":{"line":91,"column":4}}},"6":{"name":"_msgSender","line":97,"loc":{"start":{"line":97,"column":4},"end":{"line":99,"column":4}}},"7":{"name":"_msgData","line":105,"loc":{"start":{"line":105,"column":4},"end":{"line":107,"column":4}}}},"statementMap":{"1":{"start":{"line":35,"column":8},"end":{"line":35,"column":49}},"2":{"start":{"line":36,"column":8},"end":{"line":36,"column":38}},"3":{"start":{"line":61,"column":8},"end":{"line":61,"column":80}},"4":{"start":{"line":62,"column":8},"end":{"line":62,"column":2061}},"5":{"start":{"line":80,"column":8},"end":{"line":80,"column":66}},"6":{"start":{"line":90,"column":8},"end":{"line":90,"column":60}},"7":{"start":{"line":98,"column":8},"end":{"line":98,"column":33}},"8":{"start":{"line":106,"column":8},"end":{"line":106,"column":31}}},"branchMap":{}},"contracts/components/agents/AgentRegistryCore.sol":{"l":{"28":0,"29":0,"37":0,"38":0,"39":0,"41":0,"49":0,"67":0,"68":0,"69":0,"70":0,"78":0,"87":0,"98":0,"99":0,"100":0,"107":0,"108":0,"109":0,"116":0,"120":0,"130":0,"138":0,"139":0,"159":0,"176":0,"184":0,"188":0},"path":"/Users/robertocantu/ethereum_programming/forta/forta-contracts/contracts/components/agents/AgentRegistryCore.sol","s":{"1":0,"2":0,"3":0,"4":0,"5":0,"6":0,"7":0,"8":0,"9":0,"10":0,"11":0,"12":0,"13":0,"14":0,"15":0,"16":0,"17":0,"18":0,"19":0,"20":0,"21":0,"22":0,"23":0,"24":0,"25":0,"26":0},"b":{"1":[0,0],"2":[0,0],"3":[0,0],"4":[0,0]},"f":{"1":0,"2":0,"3":0,"4":0,"5":0,"6":0,"7":0,"8":0,"9":0,"10":0,"11":0,"12":0,"13":0,"14":0,"15":0,"16":0,"17":0,"18":0},"fnMap":{"1":{"name":"onlyOwnerOf","line":27,"loc":{"start":{"line":27,"column":4},"end":{"line":30,"column":4}}},"2":{"name":"onlySorted","line":36,"loc":{"start":{"line":36,"column":4},"end":{"line":42,"column":4}}},"3":{"name":"prepareAgent","line":48,"loc":{"start":{"line":48,"column":4},"end":{"line":50,"column":4}}},"4":{"name":"registerAgent","line":66,"loc":{"start":{"line":62,"column":4},"end":{"line":71,"column":4}}},"5":{"name":"createAgent","line":77,"loc":{"start":{"line":77,"column":4},"end":{"line":79,"column":4}}},"6":{"name":"isRegistered","line":86,"loc":{"start":{"line":86,"column":4},"end":{"line":88,"column":4}}},"7":{"name":"updateAgent","line":97,"loc":{"start":{"line":97,"column":4},"end":{"line":101,"column":4}}},"8":{"name":"setStakeThreshold","line":106,"loc":{"start":{"line":106,"column":4},"end":{"line":110,"column":4}}},"9":{"name":"getStakeThreshold","line":115,"loc":{"start":{"line":115,"column":4},"end":{"line":117,"column":4}}},"10":{"name":"_isStakeActivated","line":119,"loc":{"start":{"line":119,"column":4},"end":{"line":121,"column":4}}},"11":{"name":"_isStakedOverMin","line":129,"loc":{"start":{"line":129,"column":4},"end":{"line":131,"column":4}}},"12":{"name":"setFrontRunningDelay","line":137,"loc":{"start":{"line":137,"column":4},"end":{"line":140,"column":4}}},"13":{"name":"_beforeAgentUpdate","line":149,"loc":{"start":{"line":149,"column":4},"end":{"line":149,"column":126}}},"14":{"name":"_agentUpdate","line":158,"loc":{"start":{"line":158,"column":4},"end":{"line":160,"column":4}}},"15":{"name":"_afterAgentUpdate","line":169,"loc":{"start":{"line":169,"column":4},"end":{"line":169,"column":125}}},"16":{"name":"_msgSender","line":175,"loc":{"start":{"line":175,"column":4},"end":{"line":177,"column":4}}},"17":{"name":"_msgData","line":183,"loc":{"start":{"line":183,"column":4},"end":{"line":185,"column":4}}},"18":{"name":"ownerOf","line":187,"loc":{"start":{"line":187,"column":4},"end":{"line":189,"column":4}}}},"statementMap":{"1":{"start":{"line":28,"column":8},"end":{"line":28,"column":90}},"2":{"start":{"line":37,"column":8},"end":{"line":37,"column":60}},"3":{"start":{"line":38,"column":8},"end":{"line":38,"column":1608}},"4":{"start":{"line":39,"column":12},"end":{"line":39,"column":75}},"5":{"start":{"line":49,"column":8},"end":{"line":49,"column":30}},"6":{"start":{"line":67,"column":8},"end":{"line":67,"column":35}},"7":{"start":{"line":68,"column":8},"end":{"line":68,"column":54}},"8":{"start":{"line":69,"column":8},"end":{"line":69,"column":48}},"9":{"start":{"line":70,"column":8},"end":{"line":70,"column":53}},"10":{"start":{"line":78,"column":8},"end":{"line":78,"column":49}},"11":{"start":{"line":87,"column":8},"end":{"line":87,"column":31}},"12":{"start":{"line":98,"column":8},"end":{"line":98,"column":54}},"13":{"start":{"line":99,"column":8},"end":{"line":99,"column":48}},"14":{"start":{"line":100,"column":8},"end":{"line":100,"column":53}},"15":{"start":{"line":107,"column":8},"end":{"line":107,"column":100}},"16":{"start":{"line":108,"column":8},"end":{"line":108,"column":42}},"17":{"start":{"line":109,"column":8},"end":{"line":109,"column":109}},"18":{"start":{"line":116,"column":8},"end":{"line":116,"column":30}},"19":{"start":{"line":120,"column":8},"end":{"line":120,"column":86}},"20":{"start":{"line":130,"column":8},"end":{"line":130,"column":116}},"21":{"start":{"line":138,"column":8},"end":{"line":138,"column":32}},"22":{"start":{"line":139,"column":8},"end":{"line":139,"column":40}},"23":{"start":{"line":159,"column":8},"end":{"line":159,"column":74}},"24":{"start":{"line":176,"column":8},"end":{"line":176,"column":33}},"25":{"start":{"line":184,"column":8},"end":{"line":184,"column":31}},"26":{"start":{"line":188,"column":8},"end":{"line":188,"column":37}}},"branchMap":{"1":{"line":28,"type":"if","locations":[{"start":{"line":28,"column":8},"end":{"line":28,"column":8}},{"start":{"line":28,"column":8},"end":{"line":28,"column":8}}]},"2":{"line":37,"type":"if","locations":[{"start":{"line":37,"column":8},"end":{"line":37,"column":8}},{"start":{"line":37,"column":8},"end":{"line":37,"column":8}}]},"3":{"line":39,"type":"if","locations":[{"start":{"line":39,"column":12},"end":{"line":39,"column":12}},{"start":{"line":39,"column":12},"end":{"line":39,"column":12}}]},"4":{"line":107,"type":"if","locations":[{"start":{"line":107,"column":8},"end":{"line":107,"column":8}},{"start":{"line":107,"column":8},"end":{"line":107,"column":8}}]}}},"contracts/components/agents/AgentRegistryEnable.sol":{"l":{"35":0,"49":0,"50":0,"60":0,"61":0,"72":0,"84":0,"85":0,"86":0,"97":0,"98":0,"99":0,"120":0,"121":0,"140":0,"148":0},"path":"/Users/robertocantu/ethereum_programming/forta/forta-contracts/contracts/components/agents/AgentRegistryEnable.sol","s":{"1":0,"2":0,"3":0,"4":0,"5":0,"6":0,"7":0,"8":0,"9":0,"10":0,"11":0,"12":0,"13":0,"14":0,"15":0,"16":0,"17":0,"18":0},"b":{"1":[0,0],"2":[0,0],"3":[0,0],"4":[0,0]},"f":{"1":0,"2":0,"3":0,"4":0,"5":0,"6":0,"7":0,"8":0,"9":0,"10":0,"11":0},"fnMap":{"1":{"name":"isEnabled","line":34,"loc":{"start":{"line":34,"column":4},"end":{"line":40,"column":4}}},"2":{"name":"enableAgent","line":48,"loc":{"start":{"line":48,"column":4},"end":{"line":51,"column":4}}},"3":{"name":"disableAgent","line":59,"loc":{"start":{"line":59,"column":4},"end":{"line":62,"column":4}}},"4":{"name":"getDisableFlags","line":71,"loc":{"start":{"line":71,"column":4},"end":{"line":73,"column":4}}},"5":{"name":"_hasPermission","line":83,"loc":{"start":{"line":83,"column":4},"end":{"line":87,"column":4}}},"6":{"name":"_enable","line":96,"loc":{"start":{"line":96,"column":4},"end":{"line":100,"column":4}}},"7":{"name":"_beforeAgentEnable","line":109,"loc":{"start":{"line":109,"column":4},"end":{"line":110,"column":4}}},"8":{"name":"_agentEnable","line":119,"loc":{"start":{"line":119,"column":4},"end":{"line":122,"column":4}}},"9":{"name":"_afterAgentEnable","line":131,"loc":{"start":{"line":131,"column":4},"end":{"line":133,"column":4}}},"10":{"name":"_msgSender","line":139,"loc":{"start":{"line":139,"column":4},"end":{"line":141,"column":4}}},"11":{"name":"_msgData","line":147,"loc":{"start":{"line":147,"column":4},"end":{"line":149,"column":4}}}},"statementMap":{"1":{"start":{"line":35,"column":8},"end":{"line":35,"column":1207}},"2":{"start":{"line":49,"column":8},"end":{"line":49,"column":120}},"3":{"start":{"line":50,"column":8},"end":{"line":50,"column":41}},"4":{"start":{"line":60,"column":8},"end":{"line":60,"column":120}},"5":{"start":{"line":61,"column":8},"end":{"line":61,"column":42}},"6":{"start":{"line":72,"column":8},"end":{"line":72,"column":42}},"7":{"start":{"line":84,"column":8},"end":{"line":84,"column":94}},"8":{"start":{"line":84,"column":46},"end":{"line":84,"column":92}},"9":{"start":{"line":85,"column":8},"end":{"line":85,"column":87}},"10":{"start":{"line":85,"column":46},"end":{"line":85,"column":85}},"11":{"start":{"line":86,"column":8},"end":{"line":86,"column":20}},"12":{"start":{"line":97,"column":8},"end":{"line":97,"column":54}},"13":{"start":{"line":98,"column":8},"end":{"line":98,"column":48}},"14":{"start":{"line":99,"column":8},"end":{"line":99,"column":53}},"15":{"start":{"line":120,"column":8},"end":{"line":120,"column":58}},"16":{"start":{"line":121,"column":8},"end":{"line":121,"column":73}},"17":{"start":{"line":140,"column":8},"end":{"line":140,"column":33}},"18":{"start":{"line":148,"column":8},"end":{"line":148,"column":31}}},"branchMap":{"1":{"line":49,"type":"if","locations":[{"start":{"line":49,"column":8},"end":{"line":49,"column":8}},{"start":{"line":49,"column":8},"end":{"line":49,"column":8}}]},"2":{"line":60,"type":"if","locations":[{"start":{"line":60,"column":8},"end":{"line":60,"column":8}},{"start":{"line":60,"column":8},"end":{"line":60,"column":8}}]},"3":{"line":84,"type":"if","locations":[{"start":{"line":84,"column":8},"end":{"line":84,"column":8}},{"start":{"line":84,"column":8},"end":{"line":84,"column":8}}]},"4":{"line":85,"type":"if","locations":[{"start":{"line":85,"column":8},"end":{"line":85,"column":8}},{"start":{"line":85,"column":8},"end":{"line":85,"column":8}}]}}},"contracts/components/agents/AgentRegistryEnumerable.sol":{"l":{"21":0,"31":0,"41":0,"52":0,"63":0,"65":0,"67":0,"69":0,"70":0,"71":0,"72":0,"73":0,"75":0,"77":0,"79":0,"81":0,"82":0},"path":"/Users/robertocantu/ethereum_programming/forta/forta-contracts/contracts/components/agents/AgentRegistryEnumerable.sol","s":{"1":0,"2":0,"3":0,"4":0,"5":0,"6":0,"7":0,"8":0,"9":0,"10":0,"11":0,"12":0,"13":0,"14":0,"15":0,"16":0,"17":0,"18":0,"19":0},"b":{"1":[0,0],"2":[0,0],"3":[0,0],"4":[0,0],"5":[0,0]},"f":{"1":0,"2":0,"3":0,"4":0,"5":0},"fnMap":{"1":{"name":"getAgentCount","line":20,"loc":{"start":{"line":20,"column":4},"end":{"line":22,"column":4}}},"2":{"name":"getAgentByIndex","line":30,"loc":{"start":{"line":30,"column":4},"end":{"line":32,"column":4}}},"3":{"name":"getAgentCountByChain","line":40,"loc":{"start":{"line":40,"column":4},"end":{"line":42,"column":4}}},"4":{"name":"getAgentByChainAndIndex","line":51,"loc":{"start":{"line":51,"column":4},"end":{"line":53,"column":4}}},"5":{"name":"_beforeAgentUpdate","line":62,"loc":{"start":{"line":62,"column":4},"end":{"line":85,"column":4}}}},"statementMap":{"1":{"start":{"line":21,"column":8},"end":{"line":21,"column":34}},"2":{"start":{"line":31,"column":8},"end":{"line":31,"column":35}},"3":{"start":{"line":41,"column":8},"end":{"line":41,"column":45}},"4":{"start":{"line":52,"column":8},"end":{"line":52,"column":46}},"5":{"start":{"line":63,"column":8},"end":{"line":63,"column":66}},"6":{"start":{"line":65,"column":8},"end":{"line":65,"column":78}},"7":{"start":{"line":67,"column":8},"end":{"line":67,"column":53}},"8":{"start":{"line":67,"column":28},"end":{"line":67,"column":50}},"9":{"start":{"line":69,"column":8},"end":{"line":69,"column":21}},"10":{"start":{"line":70,"column":8},"end":{"line":70,"column":21}},"11":{"start":{"line":71,"column":8},"end":{"line":71,"column":2653}},"12":{"start":{"line":72,"column":12},"end":{"line":72,"column":2728}},"13":{"start":{"line":73,"column":16},"end":{"line":73,"column":58}},"14":{"start":{"line":74,"column":19},"end":{"line":74,"column":2896}},"15":{"start":{"line":75,"column":16},"end":{"line":75,"column":61}},"16":{"start":{"line":76,"column":19},"end":{"line":76,"column":3069}},"17":{"start":{"line":77,"column":16},"end":{"line":77,"column":61}},"18":{"start":{"line":78,"column":19},"end":{"line":78,"column":3223}},"19":{"start":{"line":79,"column":16},"end":{"line":79,"column":58}}},"branchMap":{"1":{"line":67,"type":"if","locations":[{"start":{"line":67,"column":8},"end":{"line":67,"column":8}},{"start":{"line":67,"column":8},"end":{"line":67,"column":8}}]},"2":{"line":72,"type":"if","locations":[{"start":{"line":72,"column":12},"end":{"line":72,"column":12}},{"start":{"line":72,"column":12},"end":{"line":72,"column":12}}]},"3":{"line":74,"type":"if","locations":[{"start":{"line":74,"column":19},"end":{"line":74,"column":19}},{"start":{"line":74,"column":19},"end":{"line":74,"column":19}}]},"4":{"line":76,"type":"if","locations":[{"start":{"line":76,"column":19},"end":{"line":76,"column":19}},{"start":{"line":76,"column":19},"end":{"line":76,"column":19}}]},"5":{"line":78,"type":"if","locations":[{"start":{"line":78,"column":19},"end":{"line":78,"column":19}},{"start":{"line":78,"column":19},"end":{"line":78,"column":19}}]}}},"contracts/components/agents/AgentRegistryMetadata.sol":{"l":{"32":0,"33":0,"50":0,"52":0,"53":0,"54":0,"55":0,"56":0,"58":0,"59":0},"path":"/Users/robertocantu/ethereum_programming/forta/forta-contracts/contracts/components/agents/AgentRegistryMetadata.sol","s":{"1":0,"2":0,"3":0,"4":0,"5":0,"6":0,"7":0,"8":0,"9":0,"10":0},"b":{"1":[0,0]},"f":{"1":0,"2":0},"fnMap":{"1":{"name":"getAgent","line":29,"loc":{"start":{"line":29,"column":4},"end":{"line":40,"column":4}}},"2":{"name":"_agentUpdate","line":49,"loc":{"start":{"line":49,"column":4},"end":{"line":60,"column":4}}}},"statementMap":{"1":{"start":{"line":32,"column":8},"end":{"line":32,"column":38}},"2":{"start":{"line":33,"column":8},"end":{"line":33,"column":1118}},"3":{"start":{"line":50,"column":8},"end":{"line":50,"column":60}},"4":{"start":{"line":52,"column":8},"end":{"line":52,"column":76}},"5":{"start":{"line":53,"column":8},"end":{"line":53,"column":55}},"6":{"start":{"line":54,"column":8},"end":{"line":54,"column":80}},"7":{"start":{"line":55,"column":8},"end":{"line":55,"column":47}},"8":{"start":{"line":56,"column":8},"end":{"line":56,"column":48}},"9":{"start":{"line":58,"column":8},"end":{"line":58,"column":61}},"10":{"start":{"line":59,"column":8},"end":{"line":59,"column":114}}},"branchMap":{"1":{"line":54,"type":"if","locations":[{"start":{"line":54,"column":8},"end":{"line":54,"column":8}},{"start":{"line":54,"column":8},"end":{"line":54,"column":8}}]}}},"contracts/components/BaseComponentUpgradeable.sol":{"l":{"33":0,"34":0,"43":0,"51":0,"59":0},"path":"/Users/robertocantu/ethereum_programming/forta/forta-contracts/contracts/components/BaseComponentUpgradeable.sol","s":{"1":0,"2":0,"3":0,"4":0,"5":0},"b":{},"f":{"1":0,"2":0,"3":0,"4":0,"5":0},"fnMap":{"1":{"name":"__BaseComponentUpgradeable_init","line":32,"loc":{"start":{"line":32,"column":4},"end":{"line":35,"column":4}}},"2":{"name":"_authorizeUpgrade","line":38,"loc":{"start":{"line":38,"column":4},"end":{"line":39,"column":4}}},"3":{"name":"setName","line":42,"loc":{"start":{"line":42,"column":4},"end":{"line":44,"column":4}}},"4":{"name":"_msgSender","line":50,"loc":{"start":{"line":50,"column":4},"end":{"line":52,"column":4}}},"5":{"name":"_msgData","line":58,"loc":{"start":{"line":58,"column":4},"end":{"line":60,"column":4}}}},"statementMap":{"1":{"start":{"line":33,"column":8},"end":{"line":33,"column":38}},"2":{"start":{"line":34,"column":8},"end":{"line":34,"column":31}},"3":{"start":{"line":43,"column":8},"end":{"line":43,"column":59}},"4":{"start":{"line":51,"column":8},"end":{"line":51,"column":33}},"5":{"start":{"line":59,"column":8},"end":{"line":59,"column":31}}},"branchMap":{}},"contracts/components/dispatch/Dispatch.sol":{"l":{"51":0,"52":0,"53":0,"54":0,"58":0,"62":0,"66":0,"76":0,"86":0,"97":0,"128":0,"129":0,"130":0,"141":0,"170":0,"171":0,"172":0,"177":0,"188":0,"189":0,"191":0,"192":0,"194":0,"206":0,"207":0,"209":0,"210":0,"212":0,"222":0,"226":0,"227":0,"228":0,"237":0,"241":0,"242":0,"243":0,"252":0,"256":0,"257":0,"258":0,"266":0,"267":0,"269":0,"270":0,"273":0,"285":0,"286":0,"287":0,"289":0,"290":0,"291":0,"294":0,"298":0,"299":0,"301":0,"306":0,"307":0,"309":0,"325":0,"326":0,"328":0,"329":0,"330":0},"path":"/Users/robertocantu/ethereum_programming/forta/forta-contracts/contracts/components/dispatch/Dispatch.sol","s":{"1":0,"2":0,"3":0,"4":0,"5":0,"6":0,"7":0,"8":0,"9":0,"10":0,"11":0,"12":0,"13":0,"14":0,"15":0,"16":0,"17":0,"18":0,"19":0,"20":0,"21":0,"22":0,"23":0,"24":0,"25":0,"26":0,"27":0,"28":0,"29":0,"30":0,"31":0,"32":0,"33":0,"34":0,"35":0,"36":0,"37":0,"38":0,"39":0,"40":0,"41":0,"42":0,"43":0,"44":0,"45":0,"46":0,"47":0,"48":0,"49":0,"50":0,"51":0,"52":0,"53":0,"54":0,"55":0,"56":0,"57":0,"58":0,"59":0,"60":0,"61":0,"62":0,"63":0},"b":{"1":[0,0],"2":[0,0],"3":[0,0],"4":[0,0],"5":[0,0],"6":[0,0],"7":[0,0],"8":[0,0],"9":[0,0],"10":[0,0],"11":[0,0],"12":[0,0]},"f":{"1":0,"2":0,"3":0,"4":0,"5":0,"6":0,"7":0,"8":0,"9":0,"10":0,"11":0,"12":0,"13":0,"14":0,"15":0,"16":0,"17":0,"18":0,"19":0,"20":0,"21":0,"22":0,"23":0,"24":0,"25":0},"fnMap":{"1":{"name":"constructor","line":36,"loc":{"start":{"line":36,"column":4},"end":{"line":36,"column":76}}},"2":{"name":"initialize","line":50,"loc":{"start":{"line":45,"column":4},"end":{"line":55,"column":4}}},"3":{"name":"agentRegistry","line":57,"loc":{"start":{"line":57,"column":4},"end":{"line":59,"column":4}}},"4":{"name":"scannerRegistry","line":61,"loc":{"start":{"line":61,"column":4},"end":{"line":63,"column":4}}},"5":{"name":"scannerPoolRegistry","line":65,"loc":{"start":{"line":65,"column":4},"end":{"line":67,"column":4}}},"6":{"name":"numAgentsFor","line":75,"loc":{"start":{"line":75,"column":4},"end":{"line":77,"column":4}}},"7":{"name":"numScannersFor","line":85,"loc":{"start":{"line":85,"column":4},"end":{"line":87,"column":4}}},"8":{"name":"agentAt","line":96,"loc":{"start":{"line":96,"column":4},"end":{"line":98,"column":4}}},"9":{"name":"agentRefAt","line":114,"loc":{"start":{"line":114,"column":4},"end":{"line":131,"column":4}}},"10":{"name":"scannerAt","line":140,"loc":{"start":{"line":140,"column":4},"end":{"line":142,"column":4}}},"11":{"name":"scannerRefAt","line":157,"loc":{"start":{"line":157,"column":4},"end":{"line":173,"column":4}}},"12":{"name":"areTheyLinked","line":176,"loc":{"start":{"line":176,"column":4},"end":{"line":178,"column":4}}},"13":{"name":"link","line":187,"loc":{"start":{"line":187,"column":4},"end":{"line":196,"column":4}}},"14":{"name":"unlink","line":205,"loc":{"start":{"line":205,"column":4},"end":{"line":214,"column":4}}},"15":{"name":"setAgentRegistry","line":221,"loc":{"start":{"line":221,"column":4},"end":{"line":223,"column":4}}},"16":{"name":"_setAgentRegistry","line":225,"loc":{"start":{"line":225,"column":4},"end":{"line":229,"column":4}}},"17":{"name":"setScannerRegistry","line":236,"loc":{"start":{"line":236,"column":4},"end":{"line":238,"column":4}}},"18":{"name":"_setScannerRegistry","line":240,"loc":{"start":{"line":240,"column":4},"end":{"line":244,"column":4}}},"19":{"name":"setScannerPoolRegistry","line":251,"loc":{"start":{"line":251,"column":4},"end":{"line":253,"column":4}}},"20":{"name":"_setScannerPoolRegistry","line":255,"loc":{"start":{"line":255,"column":4},"end":{"line":259,"column":4}}},"21":{"name":"agentHash","line":265,"loc":{"start":{"line":265,"column":4},"end":{"line":274,"column":4}}},"22":{"name":"scannerHash","line":284,"loc":{"start":{"line":284,"column":4},"end":{"line":295,"column":4}}},"23":{"name":"_isScannerOperational","line":297,"loc":{"start":{"line":297,"column":4},"end":{"line":303,"column":4}}},"24":{"name":"_isScannerRegistered","line":305,"loc":{"start":{"line":305,"column":4},"end":{"line":311,"column":4}}},"25":{"name":"_getScannerState","line":313,"loc":{"start":{"line":313,"column":4},"end":{"line":332,"column":4}}}},"statementMap":{"1":{"start":{"line":51,"column":8},"end":{"line":51,"column":49}},"2":{"start":{"line":52,"column":8},"end":{"line":52,"column":34}},"3":{"start":{"line":53,"column":8},"end":{"line":53,"column":38}},"4":{"start":{"line":54,"column":8},"end":{"line":54,"column":46}},"5":{"start":{"line":58,"column":8},"end":{"line":58,"column":22}},"6":{"start":{"line":62,"column":8},"end":{"line":62,"column":35}},"7":{"start":{"line":66,"column":8},"end":{"line":66,"column":28}},"8":{"start":{"line":76,"column":8},"end":{"line":76,"column":50}},"9":{"start":{"line":86,"column":8},"end":{"line":86,"column":48}},"10":{"start":{"line":97,"column":8},"end":{"line":97,"column":49}},"11":{"start":{"line":128,"column":8},"end":{"line":128,"column":40}},"12":{"start":{"line":129,"column":8},"end":{"line":129,"column":117}},"13":{"start":{"line":130,"column":8},"end":{"line":130,"column":101}},"14":{"start":{"line":141,"column":8},"end":{"line":141,"column":47}},"15":{"start":{"line":170,"column":8},"end":{"line":170,"column":42}},"16":{"start":{"line":171,"column":8},"end":{"line":171,"column":98}},"17":{"start":{"line":172,"column":8},"end":{"line":172,"column":87}},"18":{"start":{"line":177,"column":8},"end":{"line":177,"column":107}},"19":{"start":{"line":188,"column":8},"end":{"line":188,"column":65}},"20":{"start":{"line":189,"column":8},"end":{"line":189,"column":73}},"21":{"start":{"line":191,"column":8},"end":{"line":191,"column":7381}},"22":{"start":{"line":192,"column":12},"end":{"line":192,"column":56}},"23":{"start":{"line":194,"column":12},"end":{"line":194,"column":47}},"24":{"start":{"line":206,"column":8},"end":{"line":206,"column":78}},"25":{"start":{"line":207,"column":8},"end":{"line":207,"column":84}},"26":{"start":{"line":209,"column":8},"end":{"line":209,"column":8216}},"27":{"start":{"line":210,"column":12},"end":{"line":210,"column":57}},"28":{"start":{"line":212,"column":12},"end":{"line":212,"column":48}},"29":{"start":{"line":222,"column":8},"end":{"line":222,"column":42}},"30":{"start":{"line":226,"column":8},"end":{"line":226,"column":82}},"31":{"start":{"line":227,"column":8},"end":{"line":227,"column":48}},"32":{"start":{"line":228,"column":8},"end":{"line":228,"column":47}},"33":{"start":{"line":237,"column":8},"end":{"line":237,"column":46}},"34":{"start":{"line":241,"column":8},"end":{"line":241,"column":86}},"35":{"start":{"line":242,"column":8},"end":{"line":242,"column":65}},"36":{"start":{"line":243,"column":8},"end":{"line":243,"column":51}},"37":{"start":{"line":252,"column":8},"end":{"line":252,"column":54}},"38":{"start":{"line":256,"column":8},"end":{"line":256,"column":94}},"39":{"start":{"line":257,"column":8},"end":{"line":257,"column":66}},"40":{"start":{"line":258,"column":8},"end":{"line":258,"column":59}},"41":{"start":{"line":266,"column":8},"end":{"line":266,"column":69}},"42":{"start":{"line":267,"column":8},"end":{"line":267,"column":59}},"43":{"start":{"line":269,"column":8},"end":{"line":269,"column":10726}},"44":{"start":{"line":270,"column":12},"end":{"line":270,"column":58}},"45":{"start":{"line":273,"column":8},"end":{"line":273,"column":80}},"46":{"start":{"line":285,"column":8},"end":{"line":285,"column":69}},"47":{"start":{"line":286,"column":8},"end":{"line":286,"column":68}},"48":{"start":{"line":287,"column":8},"end":{"line":287,"column":57}},"49":{"start":{"line":289,"column":8},"end":{"line":289,"column":11746}},"50":{"start":{"line":290,"column":12},"end":{"line":290,"column":66}},"51":{"start":{"line":291,"column":12},"end":{"line":291,"column":52}},"52":{"start":{"line":294,"column":8},"end":{"line":294,"column":90}},"53":{"start":{"line":298,"column":8},"end":{"line":298,"column":12119}},"54":{"start":{"line":299,"column":12},"end":{"line":299,"column":82}},"55":{"start":{"line":301,"column":12},"end":{"line":301,"column":60}},"56":{"start":{"line":306,"column":8},"end":{"line":306,"column":12439}},"57":{"start":{"line":307,"column":12},"end":{"line":307,"column":81}},"58":{"start":{"line":309,"column":12},"end":{"line":309,"column":63}},"59":{"start":{"line":325,"column":8},"end":{"line":325,"column":12967}},"60":{"start":{"line":326,"column":12},"end":{"line":326,"column":77}},"61":{"start":{"line":328,"column":12},"end":{"line":328,"column":33}},"62":{"start":{"line":329,"column":12},"end":{"line":329,"column":127}},"63":{"start":{"line":330,"column":12},"end":{"line":330,"column":90}}},"branchMap":{"1":{"line":188,"type":"if","locations":[{"start":{"line":188,"column":8},"end":{"line":188,"column":8}},{"start":{"line":188,"column":8},"end":{"line":188,"column":8}}]},"2":{"line":189,"type":"if","locations":[{"start":{"line":189,"column":8},"end":{"line":189,"column":8}},{"start":{"line":189,"column":8},"end":{"line":189,"column":8}}]},"3":{"line":191,"type":"if","locations":[{"start":{"line":191,"column":8},"end":{"line":191,"column":8}},{"start":{"line":191,"column":8},"end":{"line":191,"column":8}}]},"4":{"line":206,"type":"if","locations":[{"start":{"line":206,"column":8},"end":{"line":206,"column":8}},{"start":{"line":206,"column":8},"end":{"line":206,"column":8}}]},"5":{"line":207,"type":"if","locations":[{"start":{"line":207,"column":8},"end":{"line":207,"column":8}},{"start":{"line":207,"column":8},"end":{"line":207,"column":8}}]},"6":{"line":209,"type":"if","locations":[{"start":{"line":209,"column":8},"end":{"line":209,"column":8}},{"start":{"line":209,"column":8},"end":{"line":209,"column":8}}]},"7":{"line":226,"type":"if","locations":[{"start":{"line":226,"column":8},"end":{"line":226,"column":8}},{"start":{"line":226,"column":8},"end":{"line":226,"column":8}}]},"8":{"line":241,"type":"if","locations":[{"start":{"line":241,"column":8},"end":{"line":241,"column":8}},{"start":{"line":241,"column":8},"end":{"line":241,"column":8}}]},"9":{"line":256,"type":"if","locations":[{"start":{"line":256,"column":8},"end":{"line":256,"column":8}},{"start":{"line":256,"column":8},"end":{"line":256,"column":8}}]},"10":{"line":298,"type":"if","locations":[{"start":{"line":298,"column":8},"end":{"line":298,"column":8}},{"start":{"line":298,"column":8},"end":{"line":298,"column":8}}]},"11":{"line":306,"type":"if","locations":[{"start":{"line":306,"column":8},"end":{"line":306,"column":8}},{"start":{"line":306,"column":8},"end":{"line":306,"column":8}}]},"12":{"line":325,"type":"if","locations":[{"start":{"line":325,"column":8},"end":{"line":325,"column":8}},{"start":{"line":325,"column":8},"end":{"line":325,"column":8}}]}}},"contracts/components/metatx/EIP712WithNonce.sol":{"l":{"21":0,"31":0,"42":0,"53":0,"54":0,"55":0,"57":0,"59":0},"path":"/Users/robertocantu/ethereum_programming/forta/forta-contracts/contracts/components/metatx/EIP712WithNonce.sol","s":{"1":0,"2":0,"3":0,"4":0,"5":0,"6":0,"7":0,"8":0},"b":{"1":[0,0]},"f":{"1":0,"2":0,"3":0,"4":0},"fnMap":{"1":{"name":"DOMAIN_SEPARATOR","line":20,"loc":{"start":{"line":20,"column":4},"end":{"line":22,"column":4}}},"2":{"name":"getNonce","line":30,"loc":{"start":{"line":30,"column":4},"end":{"line":32,"column":4}}},"3":{"name":"getNonce","line":41,"loc":{"start":{"line":41,"column":4},"end":{"line":43,"column":4}}},"4":{"name":"_verifyAndConsumeNonce","line":52,"loc":{"start":{"line":52,"column":4},"end":{"line":60,"column":4}}}},"statementMap":{"1":{"start":{"line":21,"column":8},"end":{"line":21,"column":35}},"2":{"start":{"line":31,"column":8},"end":{"line":31,"column":31}},"3":{"start":{"line":42,"column":8},"end":{"line":42,"column":38}},"4":{"start":{"line":53,"column":8},"end":{"line":53,"column":43}},"5":{"start":{"line":54,"column":8},"end":{"line":54,"column":45}},"6":{"start":{"line":55,"column":8},"end":{"line":55,"column":52}},"7":{"start":{"line":57,"column":8},"end":{"line":57,"column":57}},"8":{"start":{"line":59,"column":8},"end":{"line":59,"column":45}}},"branchMap":{"1":{"line":57,"type":"if","locations":[{"start":{"line":57,"column":8},"end":{"line":57,"column":8}},{"start":{"line":57,"column":8},"end":{"line":57,"column":8}}]}}},"contracts/components/metatx/Forwarder.sol":{"l":{"48":0,"50":0,"51":0,"59":0,"64":0,"68":0,"72":0},"path":"/Users/robertocantu/ethereum_programming/forta/forta-contracts/contracts/components/metatx/Forwarder.sol","s":{"1":0,"2":0,"3":0,"4":0,"5":0,"6":0},"b":{"1":[0,0],"2":[0,0],"3":[0,0]},"f":{"1":0,"2":0},"fnMap":{"1":{"name":"constructor","line":26,"loc":{"start":{"line":26,"column":4},"end":{"line":26,"column":44}}},"2":{"name":"execute","line":43,"loc":{"start":{"line":43,"column":4},"end":{"line":73,"column":4}}}},"statementMap":{"1":{"start":{"line":48,"column":8},"end":{"line":48,"column":50}},"2":{"start":{"line":50,"column":8},"end":{"line":50,"column":92}},"3":{"start":{"line":51,"column":8},"end":{"line":51,"column":2332}},"4":{"start":{"line":59,"column":8},"end":{"line":59,"column":2641}},"5":{"start":{"line":64,"column":8},"end":{"line":64,"column":2931}},"6":{"start":{"line":72,"column":8},"end":{"line":72,"column":36}}},"branchMap":{"1":{"line":50,"type":"if","locations":[{"start":{"line":50,"column":8},"end":{"line":50,"column":8}},{"start":{"line":50,"column":8},"end":{"line":50,"column":8}}]},"2":{"line":51,"type":"if","locations":[{"start":{"line":51,"column":8},"end":{"line":51,"column":8}},{"start":{"line":51,"column":8},"end":{"line":51,"column":8}}]},"3":{"line":64,"type":"if","locations":[{"start":{"line":64,"column":8},"end":{"line":64,"column":8}},{"start":{"line":64,"column":8},"end":{"line":64,"column":8}}]}}},"contracts/components/Roles.sol":{"l":{},"path":"/Users/robertocantu/ethereum_programming/forta/forta-contracts/contracts/components/Roles.sol","s":{},"b":{},"f":{},"fnMap":{},"statementMap":{},"branchMap":{}},"contracts/components/scanner_pools/ScannerPoolRegistry.sol":{"l":{"46":0,"47":0,"51":0,"55":0,"56":0,"57":0,"66":0,"74":0,"82":0},"path":"/Users/robertocantu/ethereum_programming/forta/forta-contracts/contracts/components/scanner_pools/ScannerPoolRegistry.sol","s":{"1":0,"2":0,"3":0,"4":0,"5":0,"6":0,"7":0,"8":0,"9":0},"b":{"1":[0,0]},"f":{"1":0,"2":0,"3":0,"4":0,"5":0,"6":0,"7":0},"fnMap":{"1":{"name":"constructor","line":29,"loc":{"start":{"line":29,"column":4},"end":{"line":29,"column":140}}},"2":{"name":"initialize","line":45,"loc":{"start":{"line":39,"column":4},"end":{"line":48,"column":4}}},"3":{"name":"registerMigratedScannerPool","line":50,"loc":{"start":{"line":50,"column":4},"end":{"line":52,"column":4}}},"4":{"name":"registerMigratedScannerNode","line":54,"loc":{"start":{"line":54,"column":4},"end":{"line":59,"column":4}}},"5":{"name":"_canSetEnableState","line":65,"loc":{"start":{"line":65,"column":4},"end":{"line":67,"column":4}}},"6":{"name":"_msgSender","line":73,"loc":{"start":{"line":73,"column":4},"end":{"line":75,"column":4}}},"7":{"name":"_msgData","line":81,"loc":{"start":{"line":81,"column":4},"end":{"line":83,"column":4}}}},"statementMap":{"1":{"start":{"line":46,"column":8},"end":{"line":46,"column":49}},"2":{"start":{"line":47,"column":8},"end":{"line":47,"column":99}},"3":{"start":{"line":51,"column":8},"end":{"line":51,"column":64}},"4":{"start":{"line":55,"column":8},"end":{"line":55,"column":32}},"5":{"start":{"line":56,"column":8},"end":{"line":56,"column":2935}},"6":{"start":{"line":57,"column":12},"end":{"line":57,"column":52}},"7":{"start":{"line":66,"column":8},"end":{"line":66,"column":111}},"8":{"start":{"line":74,"column":8},"end":{"line":74,"column":33}},"9":{"start":{"line":82,"column":8},"end":{"line":82,"column":31}}},"branchMap":{"1":{"line":56,"type":"if","locations":[{"start":{"line":56,"column":8},"end":{"line":56,"column":8}},{"start":{"line":56,"column":8},"end":{"line":56,"column":8}}]}}},"contracts/components/scanner_pools/ScannerPoolRegistryCore.sol":{"l":{"84":0,"85":0,"89":0,"90":0,"95":0,"96":0,"112":0,"113":0,"114":0,"115":0,"117":0,"128":0,"138":0,"142":0,"143":0,"144":0,"145":0,"146":0,"147":0,"148":0,"149":0,"153":0,"164":0,"174":0,"189":0,"190":0,"199":0,"201":0,"211":0,"214":0,"215":0,"216":0,"219":0,"220":0,"221":0,"224":0,"225":0,"228":0,"229":0,"233":0,"236":0,"237":0,"239":0,"250":0,"252":0,"253":0,"254":0,"255":0,"257":0,"259":0,"262":0,"263":0,"264":0,"267":0,"268":0,"269":0,"272":0,"281":0,"285":0,"286":0,"287":0,"288":0,"290":0,"291":0,"292":0,"301":0,"304":0,"305":0,"307":0,"308":0,"317":0,"327":0,"337":0,"344":0,"349":0,"356":0,"368":0,"369":0,"370":0,"375":0,"376":0,"377":0,"378":0,"383":0,"384":0,"385":0,"394":0,"404":0,"405":0,"406":0,"407":0,"408":0,"417":0,"418":0,"419":0,"420":0,"421":0,"425":0,"426":0,"430":0,"431":0,"435":0,"436":0,"444":0,"445":0,"452":0,"468":0,"469":0,"487":0,"488":0,"489":0,"490":0,"497":0,"502":0,"509":0,"513":0,"514":0,"515":0,"525":0,"529":0,"537":0,"545":0,"553":0},"path":"/Users/robertocantu/ethereum_programming/forta/forta-contracts/contracts/components/scanner_pools/ScannerPoolRegistryCore.sol","s":{"1":0,"2":0,"3":0,"4":0,"5":0,"6":0,"7":0,"8":0,"9":0,"10":0,"11":0,"12":0,"13":0,"14":0,"15":0,"16":0,"17":0,"18":0,"19":0,"20":0,"21":0,"22":0,"23":0,"24":0,"25":0,"26":0,"27":0,"28":0,"29":0,"30":0,"31":0,"32":0,"33":0,"34":0,"35":0,"36":0,"37":0,"38":0,"39":0,"40":0,"41":0,"42":0,"43":0,"44":0,"45":0,"46":0,"47":0,"48":0,"49":0,"50":0,"51":0,"52":0,"53":0,"54":0,"55":0,"56":0,"57":0,"58":0,"59":0,"60":0,"61":0,"62":0,"63":0,"64":0,"65":0,"66":0,"67":0,"68":0,"69":0,"70":0,"71":0,"72":0,"73":0,"74":0,"75":0,"76":0,"77":0,"78":0,"79":0,"80":0,"81":0,"82":0,"83":0,"84":0,"85":0,"86":0,"87":0,"88":0,"89":0,"90":0,"91":0,"92":0,"93":0,"94":0,"95":0,"96":0,"97":0,"98":0,"99":0,"100":0,"101":0,"102":0,"103":0,"104":0,"105":0,"106":0,"107":0,"108":0,"109":0,"110":0,"111":0,"112":0,"113":0,"114":0,"115":0,"116":0,"117":0,"118":0,"119":0},"b":{"1":[0,0],"2":[0,0],"3":[0,0],"4":[0,0],"5":[0,0],"6":[0,0],"7":[0,0],"8":[0,0],"9":[0,0],"10":[0,0],"11":[0,0],"12":[0,0],"13":[0,0],"14":[0,0],"15":[0,0],"16":[0,0],"17":[0,0],"18":[0,0],"19":[0,0],"20":[0,0],"21":[0,0],"22":[0,0],"23":[0,0],"24":[0,0],"25":[0,0],"26":[0,0]},"f":{"1":0,"2":0,"3":0,"4":0,"5":0,"6":0,"7":0,"8":0,"9":0,"10":0,"11":0,"12":0,"13":0,"14":0,"15":0,"16":0,"17":0,"18":0,"19":0,"20":0,"21":0,"22":0,"23":0,"24":0,"25":0,"26":0,"27":0,"28":0,"29":0,"30":0,"31":0,"32":0,"33":0,"34":0,"35":0,"36":0,"37":0,"38":0,"39":0,"40":0,"41":0,"42":0,"43":0,"44":0},"fnMap":{"1":{"name":"onlyScannerPool","line":83,"loc":{"start":{"line":83,"column":4},"end":{"line":86,"column":4}}},"2":{"name":"onlyRegisteredScanner","line":88,"loc":{"start":{"line":88,"column":4},"end":{"line":91,"column":4}}},"3":{"name":"constructor","line":94,"loc":{"start":{"line":94,"column":4},"end":{"line":97,"column":4}}},"4":{"name":"__ScannerPoolRegistryCore_init","line":111,"loc":{"start":{"line":106,"column":4},"end":{"line":118,"column":4}}},"5":{"name":"isRegistered","line":127,"loc":{"start":{"line":127,"column":4},"end":{"line":129,"column":4}}},"6":{"name":"registerScannerPool","line":137,"loc":{"start":{"line":137,"column":4},"end":{"line":139,"column":4}}},"7":{"name":"_registerScannerPool","line":141,"loc":{"start":{"line":141,"column":4},"end":{"line":150,"column":4}}},"8":{"name":"monitoredChainId","line":152,"loc":{"start":{"line":152,"column":4},"end":{"line":154,"column":4}}},"9":{"name":"isScannerRegistered","line":163,"loc":{"start":{"line":163,"column":4},"end":{"line":165,"column":4}}},"10":{"name":"isScannerRegisteredTo","line":173,"loc":{"start":{"line":173,"column":4},"end":{"line":175,"column":4}}},"11":{"name":"registerScannerNode","line":188,"loc":{"start":{"line":188,"column":4},"end":{"line":202,"column":4}}},"12":{"name":"_allocationOnAddedEnabledScanner","line":210,"loc":{"start":{"line":210,"column":4},"end":{"line":240,"column":4}}},"13":{"name":"_unallocationOnDisabledScanner","line":249,"loc":{"start":{"line":249,"column":4},"end":{"line":273,"column":4}}},"14":{"name":"_getStakeAllocationCapacity","line":280,"loc":{"start":{"line":280,"column":4},"end":{"line":282,"column":4}}},"15":{"name":"_registerScannerNode","line":284,"loc":{"start":{"line":284,"column":4},"end":{"line":293,"column":4}}},"16":{"name":"updateScannerMetadata","line":300,"loc":{"start":{"line":300,"column":4},"end":{"line":309,"column":4}}},"17":{"name":"totalScannersRegistered","line":316,"loc":{"start":{"line":316,"column":4},"end":{"line":318,"column":4}}},"18":{"name":"registeredScannerAtIndex","line":326,"loc":{"start":{"line":326,"column":4},"end":{"line":328,"column":4}}},"19":{"name":"registeredScannerAddressAtIndex","line":336,"loc":{"start":{"line":336,"column":4},"end":{"line":338,"column":4}}},"20":{"name":"scannerAddressToId","line":343,"loc":{"start":{"line":343,"column":4},"end":{"line":345,"column":4}}},"21":{"name":"scannerIdToAddress","line":348,"loc":{"start":{"line":348,"column":4},"end":{"line":350,"column":4}}},"22":{"name":"isScannerDisabled","line":355,"loc":{"start":{"line":355,"column":4},"end":{"line":357,"column":4}}},"23":{"name":"isScannerOperational","line":367,"loc":{"start":{"line":367,"column":4},"end":{"line":371,"column":4}}},"24":{"name":"willNewScannerShutdownPool","line":374,"loc":{"start":{"line":374,"column":4},"end":{"line":379,"column":4}}},"25":{"name":"_isScannerStakedOverMin","line":382,"loc":{"start":{"line":382,"column":4},"end":{"line":386,"column":4}}},"26":{"name":"_canSetEnableState","line":393,"loc":{"start":{"line":393,"column":4},"end":{"line":395,"column":4}}},"27":{"name":"enableScanner","line":403,"loc":{"start":{"line":403,"column":4},"end":{"line":409,"column":4}}},"28":{"name":"disableScanner","line":416,"loc":{"start":{"line":416,"column":4},"end":{"line":422,"column":4}}},"29":{"name":"_setScannerDisableFlag","line":424,"loc":{"start":{"line":424,"column":4},"end":{"line":427,"column":4}}},"30":{"name":"_addEnabledScanner","line":429,"loc":{"start":{"line":429,"column":4},"end":{"line":432,"column":4}}},"31":{"name":"_removeEnabledScanner","line":434,"loc":{"start":{"line":434,"column":4},"end":{"line":437,"column":4}}},"32":{"name":"updateEnabledScanners","line":443,"loc":{"start":{"line":443,"column":4},"end":{"line":446,"column":4}}},"33":{"name":"getScanner","line":451,"loc":{"start":{"line":451,"column":4},"end":{"line":453,"column":4}}},"34":{"name":"getScannerState","line":456,"loc":{"start":{"line":456,"column":4},"end":{"line":477,"column":4}}},"35":{"name":"setManagedStakeThreshold","line":486,"loc":{"start":{"line":486,"column":4},"end":{"line":491,"column":4}}},"36":{"name":"getManagedStakeThreshold","line":496,"loc":{"start":{"line":496,"column":4},"end":{"line":498,"column":4}}},"37":{"name":"getTotalManagedSubjects","line":501,"loc":{"start":{"line":501,"column":4},"end":{"line":503,"column":4}}},"38":{"name":"setRegistrationDelay","line":508,"loc":{"start":{"line":508,"column":4},"end":{"line":510,"column":4}}},"39":{"name":"_setRegistrationDelay","line":512,"loc":{"start":{"line":512,"column":4},"end":{"line":516,"column":4}}},"40":{"name":"_beforeTokenTransfer","line":520,"loc":{"start":{"line":520,"column":4},"end":{"line":526,"column":4}}},"41":{"name":"supportsInterface","line":528,"loc":{"start":{"line":528,"column":4},"end":{"line":530,"column":4}}},"42":{"name":"_msgSender","line":536,"loc":{"start":{"line":536,"column":4},"end":{"line":538,"column":4}}},"43":{"name":"_msgData","line":544,"loc":{"start":{"line":544,"column":4},"end":{"line":546,"column":4}}},"44":{"name":"ownerOf","line":552,"loc":{"start":{"line":552,"column":4},"end":{"line":554,"column":4}}}},"statementMap":{"1":{"start":{"line":84,"column":8},"end":{"line":84,"column":108}},"2":{"start":{"line":89,"column":8},"end":{"line":89,"column":79}},"3":{"start":{"line":95,"column":8},"end":{"line":95,"column":82}},"4":{"start":{"line":96,"column":8},"end":{"line":96,"column":58}},"5":{"start":{"line":112,"column":8},"end":{"line":112,"column":38}},"6":{"start":{"line":113,"column":8},"end":{"line":113,"column":32}},"7":{"start":{"line":114,"column":8},"end":{"line":114,"column":48}},"8":{"start":{"line":115,"column":8},"end":{"line":115,"column":60}},"9":{"start":{"line":117,"column":8},"end":{"line":117,"column":49}},"10":{"start":{"line":128,"column":8},"end":{"line":128,"column":37}},"11":{"start":{"line":138,"column":8},"end":{"line":138,"column":58}},"12":{"start":{"line":142,"column":8},"end":{"line":142,"column":86}},"13":{"start":{"line":143,"column":8},"end":{"line":143,"column":54}},"14":{"start":{"line":144,"column":8},"end":{"line":144,"column":40}},"15":{"start":{"line":145,"column":8},"end":{"line":145,"column":54}},"16":{"start":{"line":146,"column":8},"end":{"line":146,"column":51}},"17":{"start":{"line":147,"column":8},"end":{"line":147,"column":51}},"18":{"start":{"line":148,"column":8},"end":{"line":148,"column":58}},"19":{"start":{"line":149,"column":8},"end":{"line":149,"column":28}},"20":{"start":{"line":153,"column":8},"end":{"line":153,"column":49}},"21":{"start":{"line":164,"column":8},"end":{"line":164,"column":48}},"22":{"start":{"line":174,"column":8},"end":{"line":174,"column":69}},"23":{"start":{"line":189,"column":8},"end":{"line":189,"column":92}},"24":{"start":{"line":190,"column":8},"end":{"line":190,"column":9147}},"25":{"start":{"line":199,"column":8},"end":{"line":199,"column":32}},"26":{"start":{"line":201,"column":8},"end":{"line":201,"column":58}},"27":{"start":{"line":211,"column":8},"end":{"line":211,"column":103}},"28":{"start":{"line":214,"column":8},"end":{"line":214,"column":85}},"29":{"start":{"line":215,"column":8},"end":{"line":215,"column":10440}},"30":{"start":{"line":216,"column":12},"end":{"line":216,"column":18}},"31":{"start":{"line":219,"column":8},"end":{"line":219,"column":107}},"32":{"start":{"line":220,"column":8},"end":{"line":220,"column":10651}},"33":{"start":{"line":224,"column":8},"end":{"line":224,"column":74}},"34":{"start":{"line":225,"column":8},"end":{"line":225,"column":112}},"35":{"start":{"line":228,"column":8},"end":{"line":228,"column":11067}},"36":{"start":{"line":229,"column":12},"end":{"line":229,"column":18}},"37":{"start":{"line":233,"column":8},"end":{"line":233,"column":69}},"38":{"start":{"line":236,"column":8},"end":{"line":236,"column":11352}},"39":{"start":{"line":237,"column":12},"end":{"line":237,"column":45}},"40":{"start":{"line":239,"column":8},"end":{"line":239,"column":93}},"41":{"start":{"line":250,"column":8},"end":{"line":250,"column":60}},"42":{"start":{"line":250,"column":52},"end":{"line":250,"column":58}},"43":{"start":{"line":252,"column":8},"end":{"line":252,"column":108}},"44":{"start":{"line":253,"column":8},"end":{"line":253,"column":122}},"45":{"start":{"line":254,"column":8},"end":{"line":254,"column":83}},"46":{"start":{"line":255,"column":8},"end":{"line":255,"column":74}},"47":{"start":{"line":257,"column":8},"end":{"line":257,"column":60}},"48":{"start":{"line":257,"column":52},"end":{"line":257,"column":58}},"49":{"start":{"line":259,"column":8},"end":{"line":259,"column":71}},"50":{"start":{"line":262,"column":8},"end":{"line":262,"column":12732}},"51":{"start":{"line":263,"column":12},"end":{"line":263,"column":107}},"52":{"start":{"line":264,"column":12},"end":{"line":264,"column":18}},"53":{"start":{"line":267,"column":8},"end":{"line":267,"column":13033}},"54":{"start":{"line":268,"column":12},"end":{"line":268,"column":113}},"55":{"start":{"line":269,"column":12},"end":{"line":269,"column":55}},"56":{"start":{"line":272,"column":8},"end":{"line":272,"column":97}},"57":{"start":{"line":281,"column":8},"end":{"line":281,"column":112}},"58":{"start":{"line":285,"column":8},"end":{"line":285,"column":79}},"59":{"start":{"line":286,"column":8},"end":{"line":286,"column":14078}},"60":{"start":{"line":288,"column":8},"end":{"line":288,"column":166}},"61":{"start":{"line":291,"column":8},"end":{"line":291,"column":106}},"62":{"start":{"line":292,"column":8},"end":{"line":292,"column":44}},"63":{"start":{"line":301,"column":8},"end":{"line":301,"column":79}},"64":{"start":{"line":304,"column":8},"end":{"line":304,"column":15319}},"65":{"start":{"line":307,"column":8},"end":{"line":307,"column":49}},"66":{"start":{"line":308,"column":8},"end":{"line":308,"column":136}},"67":{"start":{"line":317,"column":8},"end":{"line":317,"column":60}},"68":{"start":{"line":327,"column":8},"end":{"line":327,"column":76}},"69":{"start":{"line":337,"column":8},"end":{"line":337,"column":61}},"70":{"start":{"line":344,"column":8},"end":{"line":344,"column":40}},"71":{"start":{"line":349,"column":8},"end":{"line":349,"column":42}},"72":{"start":{"line":356,"column":8},"end":{"line":356,"column":46}},"73":{"start":{"line":368,"column":8},"end":{"line":368,"column":57}},"74":{"start":{"line":369,"column":8},"end":{"line":369,"column":76}},"75":{"start":{"line":370,"column":8},"end":{"line":370,"column":139}},"76":{"start":{"line":375,"column":8},"end":{"line":375,"column":107}},"77":{"start":{"line":376,"column":8},"end":{"line":376,"column":103}},"78":{"start":{"line":377,"column":8},"end":{"line":377,"column":85}},"79":{"start":{"line":378,"column":8},"end":{"line":378,"column":96}},"80":{"start":{"line":383,"column":8},"end":{"line":383,"column":57}},"81":{"start":{"line":384,"column":8},"end":{"line":384,"column":76}},"82":{"start":{"line":385,"column":8},"end":{"line":385,"column":110}},"83":{"start":{"line":394,"column":8},"end":{"line":394,"column":103}},"84":{"start":{"line":404,"column":8},"end":{"line":404,"column":77}},"85":{"start":{"line":405,"column":8},"end":{"line":405,"column":81}},"86":{"start":{"line":406,"column":8},"end":{"line":406,"column":63}},"87":{"start":{"line":407,"column":8},"end":{"line":407,"column":77}},"88":{"start":{"line":408,"column":8},"end":{"line":408,"column":45}},"89":{"start":{"line":417,"column":8},"end":{"line":417,"column":77}},"90":{"start":{"line":418,"column":8},"end":{"line":418,"column":81}},"91":{"start":{"line":419,"column":8},"end":{"line":419,"column":66}},"92":{"start":{"line":420,"column":8},"end":{"line":420,"column":75}},"93":{"start":{"line":421,"column":8},"end":{"line":421,"column":44}},"94":{"start":{"line":425,"column":8},"end":{"line":425,"column":46}},"95":{"start":{"line":426,"column":8},"end":{"line":426,"column":108}},"96":{"start":{"line":430,"column":8},"end":{"line":430,"column":43}},"97":{"start":{"line":431,"column":8},"end":{"line":431,"column":83}},"98":{"start":{"line":435,"column":8},"end":{"line":435,"column":43}},"99":{"start":{"line":436,"column":8},"end":{"line":436,"column":83}},"100":{"start":{"line":444,"column":8},"end":{"line":444,"column":46}},"101":{"start":{"line":445,"column":8},"end":{"line":445,"column":83}},"102":{"start":{"line":452,"column":8},"end":{"line":452,"column":37}},"103":{"start":{"line":468,"column":8},"end":{"line":468,"column":60}},"104":{"start":{"line":469,"column":8},"end":{"line":469,"column":23243}},"105":{"start":{"line":487,"column":8},"end":{"line":487,"column":54}},"106":{"start":{"line":488,"column":8},"end":{"line":488,"column":100}},"107":{"start":{"line":489,"column":8},"end":{"line":489,"column":125}},"108":{"start":{"line":490,"column":8},"end":{"line":490,"column":59}},"109":{"start":{"line":497,"column":8},"end":{"line":497,"column":70}},"110":{"start":{"line":502,"column":8},"end":{"line":502,"column":40}},"111":{"start":{"line":509,"column":8},"end":{"line":509,"column":35}},"112":{"start":{"line":513,"column":8},"end":{"line":513,"column":50}},"113":{"start":{"line":514,"column":8},"end":{"line":514,"column":32}},"114":{"start":{"line":515,"column":8},"end":{"line":515,"column":40}},"115":{"start":{"line":525,"column":8},"end":{"line":525,"column":52}},"116":{"start":{"line":529,"column":8},"end":{"line":529,"column":51}},"117":{"start":{"line":537,"column":8},"end":{"line":537,"column":33}},"118":{"start":{"line":545,"column":8},"end":{"line":545,"column":31}},"119":{"start":{"line":553,"column":8},"end":{"line":553,"column":37}}},"branchMap":{"1":{"line":84,"type":"if","locations":[{"start":{"line":84,"column":8},"end":{"line":84,"column":8}},{"start":{"line":84,"column":8},"end":{"line":84,"column":8}}]},"2":{"line":89,"type":"if","locations":[{"start":{"line":89,"column":8},"end":{"line":89,"column":8}},{"start":{"line":89,"column":8},"end":{"line":89,"column":8}}]},"3":{"line":95,"type":"if","locations":[{"start":{"line":95,"column":8},"end":{"line":95,"column":8}},{"start":{"line":95,"column":8},"end":{"line":95,"column":8}}]},"4":{"line":142,"type":"if","locations":[{"start":{"line":142,"column":8},"end":{"line":142,"column":8}},{"start":{"line":142,"column":8},"end":{"line":142,"column":8}}]},"5":{"line":143,"type":"if","locations":[{"start":{"line":143,"column":8},"end":{"line":143,"column":8}},{"start":{"line":143,"column":8},"end":{"line":143,"column":8}}]},"6":{"line":189,"type":"if","locations":[{"start":{"line":189,"column":8},"end":{"line":189,"column":8}},{"start":{"line":189,"column":8},"end":{"line":189,"column":8}}]},"7":{"line":190,"type":"if","locations":[{"start":{"line":190,"column":8},"end":{"line":190,"column":8}},{"start":{"line":190,"column":8},"end":{"line":190,"column":8}}]},"8":{"line":215,"type":"if","locations":[{"start":{"line":215,"column":8},"end":{"line":215,"column":8}},{"start":{"line":215,"column":8},"end":{"line":215,"column":8}}]},"9":{"line":220,"type":"if","locations":[{"start":{"line":220,"column":8},"end":{"line":220,"column":8}},{"start":{"line":220,"column":8},"end":{"line":220,"column":8}}]},"10":{"line":228,"type":"if","locations":[{"start":{"line":228,"column":8},"end":{"line":228,"column":8}},{"start":{"line":228,"column":8},"end":{"line":228,"column":8}}]},"11":{"line":236,"type":"if","locations":[{"start":{"line":236,"column":8},"end":{"line":236,"column":8}},{"start":{"line":236,"column":8},"end":{"line":236,"column":8}}]},"12":{"line":250,"type":"if","locations":[{"start":{"line":250,"column":8},"end":{"line":250,"column":8}},{"start":{"line":250,"column":8},"end":{"line":250,"column":8}}]},"13":{"line":257,"type":"if","locations":[{"start":{"line":257,"column":8},"end":{"line":257,"column":8}},{"start":{"line":257,"column":8},"end":{"line":257,"column":8}}]},"14":{"line":262,"type":"if","locations":[{"start":{"line":262,"column":8},"end":{"line":262,"column":8}},{"start":{"line":262,"column":8},"end":{"line":262,"column":8}}]},"15":{"line":267,"type":"if","locations":[{"start":{"line":267,"column":8},"end":{"line":267,"column":8}},{"start":{"line":267,"column":8},"end":{"line":267,"column":8}}]},"16":{"line":285,"type":"if","locations":[{"start":{"line":285,"column":8},"end":{"line":285,"column":8}},{"start":{"line":285,"column":8},"end":{"line":285,"column":8}}]},"17":{"line":286,"type":"if","locations":[{"start":{"line":286,"column":8},"end":{"line":286,"column":8}},{"start":{"line":286,"column":8},"end":{"line":286,"column":8}}]},"18":{"line":301,"type":"if","locations":[{"start":{"line":301,"column":8},"end":{"line":301,"column":8}},{"start":{"line":301,"column":8},"end":{"line":301,"column":8}}]},"19":{"line":304,"type":"if","locations":[{"start":{"line":304,"column":8},"end":{"line":304,"column":8}},{"start":{"line":304,"column":8},"end":{"line":304,"column":8}}]},"20":{"line":404,"type":"if","locations":[{"start":{"line":404,"column":8},"end":{"line":404,"column":8}},{"start":{"line":404,"column":8},"end":{"line":404,"column":8}}]},"21":{"line":405,"type":"if","locations":[{"start":{"line":405,"column":8},"end":{"line":405,"column":8}},{"start":{"line":405,"column":8},"end":{"line":405,"column":8}}]},"22":{"line":417,"type":"if","locations":[{"start":{"line":417,"column":8},"end":{"line":417,"column":8}},{"start":{"line":417,"column":8},"end":{"line":417,"column":8}}]},"23":{"line":418,"type":"if","locations":[{"start":{"line":418,"column":8},"end":{"line":418,"column":8}},{"start":{"line":418,"column":8},"end":{"line":418,"column":8}}]},"24":{"line":487,"type":"if","locations":[{"start":{"line":487,"column":8},"end":{"line":487,"column":8}},{"start":{"line":487,"column":8},"end":{"line":487,"column":8}}]},"25":{"line":488,"type":"if","locations":[{"start":{"line":488,"column":8},"end":{"line":488,"column":8}},{"start":{"line":488,"column":8},"end":{"line":488,"column":8}}]},"26":{"line":513,"type":"if","locations":[{"start":{"line":513,"column":8},"end":{"line":513,"column":8}},{"start":{"line":513,"column":8},"end":{"line":513,"column":8}}]}}},"contracts/components/scanner_pools/ScannerPoolRegistryManaged.sol":{"l":{"24":0,"25":0,"35":0,"45":0,"56":0,"66":0,"67":0,"69":0,"71":0,"75":0},"path":"/Users/robertocantu/ethereum_programming/forta/forta-contracts/contracts/components/scanner_pools/ScannerPoolRegistryManaged.sol","s":{"1":0,"2":0,"3":0,"4":0,"5":0,"6":0,"7":0,"8":0,"9":0},"b":{"1":[0,0],"2":[0,0]},"f":{"1":0,"2":0,"3":0,"4":0,"5":0,"6":0},"fnMap":{"1":{"name":"onlyManagerOf","line":23,"loc":{"start":{"line":23,"column":4},"end":{"line":26,"column":4}}},"2":{"name":"isManager","line":34,"loc":{"start":{"line":34,"column":4},"end":{"line":36,"column":4}}},"3":{"name":"getManagerCount","line":44,"loc":{"start":{"line":44,"column":4},"end":{"line":46,"column":4}}},"4":{"name":"getManagerAt","line":55,"loc":{"start":{"line":55,"column":4},"end":{"line":57,"column":4}}},"5":{"name":"setManager","line":65,"loc":{"start":{"line":65,"column":4},"end":{"line":72,"column":4}}},"6":{"name":"_canSetEnableState","line":74,"loc":{"start":{"line":74,"column":4},"end":{"line":76,"column":4}}}},"statementMap":{"1":{"start":{"line":24,"column":8},"end":{"line":24,"column":105}},"2":{"start":{"line":35,"column":8},"end":{"line":35,"column":57}},"3":{"start":{"line":45,"column":8},"end":{"line":45,"column":48}},"4":{"start":{"line":56,"column":8},"end":{"line":56,"column":49}},"5":{"start":{"line":66,"column":8},"end":{"line":66,"column":2827}},"6":{"start":{"line":67,"column":12},"end":{"line":67,"column":48}},"7":{"start":{"line":69,"column":12},"end":{"line":69,"column":51}},"8":{"start":{"line":71,"column":8},"end":{"line":71,"column":59}},"9":{"start":{"line":75,"column":8},"end":{"line":75,"column":113}}},"branchMap":{"1":{"line":24,"type":"if","locations":[{"start":{"line":24,"column":8},"end":{"line":24,"column":8}},{"start":{"line":24,"column":8},"end":{"line":24,"column":8}}]},"2":{"line":66,"type":"if","locations":[{"start":{"line":66,"column":8},"end":{"line":66,"column":8}},{"start":{"line":66,"column":8},"end":{"line":66,"column":8}}]}}},"contracts/components/scanners/ScannerNodeVersion.sol":{"l":{"42":0,"52":0,"53":0,"54":0,"64":0,"65":0,"66":0},"path":"/Users/robertocantu/ethereum_programming/forta/forta-contracts/contracts/components/scanners/ScannerNodeVersion.sol","s":{"1":0,"2":0,"3":0,"4":0,"5":0,"6":0,"7":0},"b":{"1":[0,0],"2":[0,0]},"f":{"1":0,"2":0,"3":0,"4":0},"fnMap":{"1":{"name":"constructor","line":35,"loc":{"start":{"line":35,"column":4},"end":{"line":35,"column":76}}},"2":{"name":"initialize","line":41,"loc":{"start":{"line":41,"column":4},"end":{"line":43,"column":4}}},"3":{"name":"setScannerNodeVersion","line":51,"loc":{"start":{"line":51,"column":4},"end":{"line":55,"column":4}}},"4":{"name":"setScannerNodeBetaVersion","line":63,"loc":{"start":{"line":63,"column":4},"end":{"line":67,"column":4}}}},"statementMap":{"1":{"start":{"line":42,"column":8},"end":{"line":42,"column":49}},"2":{"start":{"line":52,"column":8},"end":{"line":52,"column":133}},"3":{"start":{"line":53,"column":8},"end":{"line":53,"column":68}},"4":{"start":{"line":54,"column":8},"end":{"line":54,"column":36}},"5":{"start":{"line":64,"column":8},"end":{"line":64,"column":137}},"6":{"start":{"line":65,"column":8},"end":{"line":65,"column":76}},"7":{"start":{"line":66,"column":8},"end":{"line":66,"column":40}}},"branchMap":{"1":{"line":52,"type":"if","locations":[{"start":{"line":52,"column":8},"end":{"line":52,"column":8}},{"start":{"line":52,"column":8},"end":{"line":52,"column":8}}]},"2":{"line":64,"type":"if","locations":[{"start":{"line":64,"column":8},"end":{"line":64,"column":8}},{"start":{"line":64,"column":8},"end":{"line":64,"column":8}}]}}},"contracts/components/scanners/ScannerRegistry.sol":{"l":{"38":0,"39":0,"65":0,"66":0,"68":0,"84":0,"85":0,"86":0,"87":0,"89":0,"104":0,"105":0,"118":0,"119":0,"135":0,"136":0,"138":0,"144":0,"145":0,"148":0,"151":0,"156":0,"160":0,"161":0,"162":0,"163":0,"164":0,"165":0,"174":0,"185":0,"186":0,"187":0,"188":0,"189":0,"203":0,"217":0,"231":0},"path":"/Users/robertocantu/ethereum_programming/forta/forta-contracts/contracts/components/scanners/ScannerRegistry.sol","s":{"1":0,"2":0,"3":0,"4":0,"5":0,"6":0,"7":0,"8":0,"9":0,"10":0,"11":0,"12":0,"13":0,"14":0,"15":0,"16":0,"17":0,"18":0,"19":0,"20":0,"21":0,"22":0,"23":0,"24":0,"25":0,"26":0,"27":0,"28":0,"29":0,"30":0,"31":0,"32":0,"33":0,"34":0,"35":0},"b":{"1":[0,0],"2":[0,0],"3":[0,0],"4":[0,0],"5":[0,0],"6":[0,0],"7":[0,0],"8":[0,0]},"f":{"1":0,"2":0,"3":0,"4":0,"5":0,"6":0,"7":0,"8":0,"9":0,"10":0,"11":0,"12":0,"13":0,"14":0,"15":0},"fnMap":{"1":{"name":"constructor","line":23,"loc":{"start":{"line":23,"column":4},"end":{"line":23,"column":76}}},"2":{"name":"initialize","line":37,"loc":{"start":{"line":33,"column":4},"end":{"line":40,"column":4}}},"3":{"name":"getScannerState","line":52,"loc":{"start":{"line":52,"column":4},"end":{"line":70,"column":4}}},"4":{"name":"_getScannerStateFromScannerPool","line":72,"loc":{"start":{"line":72,"column":4},"end":{"line":90,"column":4}}},"5":{"name":"_getScannerState","line":92,"loc":{"start":{"line":92,"column":4},"end":{"line":106,"column":4}}},"6":{"name":"_getScannerFromScannerPool","line":108,"loc":{"start":{"line":108,"column":4},"end":{"line":120,"column":4}}},"7":{"name":"getScanner","line":122,"loc":{"start":{"line":122,"column":4},"end":{"line":140,"column":4}}},"8":{"name":"isEnabled","line":142,"loc":{"start":{"line":142,"column":4},"end":{"line":153,"column":4}}},"9":{"name":"hasMigrationEnded","line":155,"loc":{"start":{"line":155,"column":4},"end":{"line":157,"column":4}}},"10":{"name":"deregisterScannerNode","line":159,"loc":{"start":{"line":159,"column":4},"end":{"line":166,"column":4}}},"11":{"name":"setMigrationPrefrence","line":173,"loc":{"start":{"line":173,"column":4},"end":{"line":175,"column":4}}},"12":{"name":"configureMigration","line":184,"loc":{"start":{"line":184,"column":4},"end":{"line":190,"column":4}}},"13":{"name":"_getStakeThreshold","line":196,"loc":{"start":{"line":196,"column":4},"end":{"line":204,"column":4}}},"14":{"name":"_msgSender","line":210,"loc":{"start":{"line":210,"column":4},"end":{"line":218,"column":4}}},"15":{"name":"_msgData","line":224,"loc":{"start":{"line":224,"column":4},"end":{"line":232,"column":4}}}},"statementMap":{"1":{"start":{"line":38,"column":8},"end":{"line":38,"column":49}},"2":{"start":{"line":39,"column":8},"end":{"line":39,"column":38}},"3":{"start":{"line":65,"column":8},"end":{"line":65,"column":2366}},"4":{"start":{"line":66,"column":12},"end":{"line":66,"column":61}},"5":{"start":{"line":68,"column":12},"end":{"line":68,"column":46}},"6":{"start":{"line":84,"column":8},"end":{"line":84,"column":21}},"7":{"start":{"line":85,"column":8},"end":{"line":85,"column":131}},"8":{"start":{"line":86,"column":8},"end":{"line":86,"column":3060}},"9":{"start":{"line":87,"column":12},"end":{"line":87,"column":28}},"10":{"start":{"line":89,"column":8},"end":{"line":89,"column":77}},"11":{"start":{"line":104,"column":8},"end":{"line":104,"column":75}},"12":{"start":{"line":105,"column":8},"end":{"line":105,"column":104}},"13":{"start":{"line":118,"column":8},"end":{"line":118,"column":116}},"14":{"start":{"line":119,"column":8},"end":{"line":119,"column":53}},"15":{"start":{"line":135,"column":8},"end":{"line":135,"column":4473}},"16":{"start":{"line":136,"column":12},"end":{"line":136,"column":56}},"17":{"start":{"line":138,"column":12},"end":{"line":138,"column":46}},"18":{"start":{"line":144,"column":8},"end":{"line":144,"column":4826}},"19":{"start":{"line":145,"column":12},"end":{"line":145,"column":24}},"20":{"start":{"line":147,"column":15},"end":{"line":147,"column":4985}},"21":{"start":{"line":148,"column":12},"end":{"line":148,"column":88}},"22":{"start":{"line":151,"column":12},"end":{"line":151,"column":45}},"23":{"start":{"line":156,"column":8},"end":{"line":156,"column":47}},"24":{"start":{"line":160,"column":8},"end":{"line":160,"column":79}},"25":{"start":{"line":161,"column":8},"end":{"line":161,"column":23}},"26":{"start":{"line":165,"column":8},"end":{"line":165,"column":43}},"27":{"start":{"line":174,"column":8},"end":{"line":174,"column":46}},"28":{"start":{"line":185,"column":8},"end":{"line":185,"column":70}},"29":{"start":{"line":186,"column":8},"end":{"line":186,"column":90}},"30":{"start":{"line":187,"column":8},"end":{"line":187,"column":39}},"31":{"start":{"line":188,"column":8},"end":{"line":188,"column":70}},"32":{"start":{"line":189,"column":8},"end":{"line":189,"column":70}},"33":{"start":{"line":203,"column":8},"end":{"line":203,"column":48}},"34":{"start":{"line":217,"column":8},"end":{"line":217,"column":33}},"35":{"start":{"line":231,"column":8},"end":{"line":231,"column":31}}},"branchMap":{"1":{"line":65,"type":"if","locations":[{"start":{"line":65,"column":8},"end":{"line":65,"column":8}},{"start":{"line":65,"column":8},"end":{"line":65,"column":8}}]},"2":{"line":86,"type":"if","locations":[{"start":{"line":86,"column":8},"end":{"line":86,"column":8}},{"start":{"line":86,"column":8},"end":{"line":86,"column":8}}]},"3":{"line":135,"type":"if","locations":[{"start":{"line":135,"column":8},"end":{"line":135,"column":8}},{"start":{"line":135,"column":8},"end":{"line":135,"column":8}}]},"4":{"line":144,"type":"if","locations":[{"start":{"line":144,"column":8},"end":{"line":144,"column":8}},{"start":{"line":144,"column":8},"end":{"line":144,"column":8}}]},"5":{"line":147,"type":"if","locations":[{"start":{"line":147,"column":15},"end":{"line":147,"column":15}},{"start":{"line":147,"column":15},"end":{"line":147,"column":15}}]},"6":{"line":160,"type":"if","locations":[{"start":{"line":160,"column":8},"end":{"line":160,"column":8}},{"start":{"line":160,"column":8},"end":{"line":160,"column":8}}]},"7":{"line":185,"type":"if","locations":[{"start":{"line":185,"column":8},"end":{"line":185,"column":8}},{"start":{"line":185,"column":8},"end":{"line":185,"column":8}}]},"8":{"line":186,"type":"if","locations":[{"start":{"line":186,"column":8},"end":{"line":186,"column":8}},{"start":{"line":186,"column":8},"end":{"line":186,"column":8}}]}}},"contracts/components/scanners/ScannerRegistryCore.sol":{"l":{"30":0,"31":0,"40":0,"46":0,"55":0,"56":0,"57":0,"70":0,"81":0,"82":0,"84":0,"93":0,"101":0,"109":0},"path":"/Users/robertocantu/ethereum_programming/forta/forta-contracts/contracts/components/scanners/ScannerRegistryCore.sol","s":{"1":0,"2":0,"3":0,"4":0,"5":0,"6":0,"7":0,"8":0,"9":0,"10":0,"11":0,"12":0,"13":0},"b":{"1":[0,0],"2":[0,0],"3":[0,0]},"f":{"1":0,"2":0,"3":0,"4":0,"5":0,"6":0,"7":0,"8":0,"9":0},"fnMap":{"1":{"name":"onlyOwnerOf","line":29,"loc":{"start":{"line":29,"column":4},"end":{"line":32,"column":4}}},"2":{"name":"isRegistered","line":39,"loc":{"start":{"line":39,"column":4},"end":{"line":41,"column":4}}},"3":{"name":"scannerAddressToId","line":45,"loc":{"start":{"line":45,"column":4},"end":{"line":47,"column":4}}},"4":{"name":"setStakeThreshold","line":54,"loc":{"start":{"line":54,"column":4},"end":{"line":58,"column":4}}},"5":{"name":"getStakeThreshold","line":69,"loc":{"start":{"line":69,"column":4},"end":{"line":71,"column":4}}},"6":{"name":"_isStakedOverMin","line":80,"loc":{"start":{"line":80,"column":4},"end":{"line":85,"column":4}}},"7":{"name":"_msgSender","line":92,"loc":{"start":{"line":92,"column":4},"end":{"line":94,"column":4}}},"8":{"name":"_msgData","line":100,"loc":{"start":{"line":100,"column":4},"end":{"line":102,"column":4}}},"9":{"name":"ownerOf","line":108,"loc":{"start":{"line":108,"column":4},"end":{"line":110,"column":4}}}},"statementMap":{"1":{"start":{"line":30,"column":8},"end":{"line":30,"column":94}},"2":{"start":{"line":40,"column":8},"end":{"line":40,"column":33}},"3":{"start":{"line":46,"column":8},"end":{"line":46,"column":40}},"4":{"start":{"line":55,"column":8},"end":{"line":55,"column":100}},"5":{"start":{"line":56,"column":8},"end":{"line":56,"column":118}},"6":{"start":{"line":57,"column":8},"end":{"line":57,"column":52}},"7":{"start":{"line":70,"column":8},"end":{"line":70,"column":42}},"8":{"start":{"line":81,"column":8},"end":{"line":81,"column":3282}},"9":{"start":{"line":82,"column":12},"end":{"line":82,"column":23}},"10":{"start":{"line":84,"column":8},"end":{"line":84,"column":136}},"11":{"start":{"line":93,"column":8},"end":{"line":93,"column":33}},"12":{"start":{"line":101,"column":8},"end":{"line":101,"column":31}},"13":{"start":{"line":109,"column":8},"end":{"line":109,"column":37}}},"branchMap":{"1":{"line":30,"type":"if","locations":[{"start":{"line":30,"column":8},"end":{"line":30,"column":8}},{"start":{"line":30,"column":8},"end":{"line":30,"column":8}}]},"2":{"line":55,"type":"if","locations":[{"start":{"line":55,"column":8},"end":{"line":55,"column":8}},{"start":{"line":55,"column":8},"end":{"line":55,"column":8}}]},"3":{"line":81,"type":"if","locations":[{"start":{"line":81,"column":8},"end":{"line":81,"column":8}},{"start":{"line":81,"column":8},"end":{"line":81,"column":8}}]}}},"contracts/components/scanners/ScannerRegistryEnable.sol":{"l":{"37":0,"49":0,"50":0,"59":0,"60":0,"71":0,"83":0,"84":0,"85":0,"86":0,"87":0,"98":0,"99":0,"100":0,"108":0,"115":0},"path":"/Users/robertocantu/ethereum_programming/forta/forta-contracts/contracts/components/scanners/ScannerRegistryEnable.sol","s":{"1":0,"2":0,"3":0,"4":0,"5":0,"6":0,"7":0,"8":0,"9":0,"10":0,"11":0,"12":0,"13":0,"14":0,"15":0,"16":0,"17":0,"18":0,"19":0,"20":0},"b":{"1":[0,0],"2":[0,0],"3":[0,0],"4":[0,0],"5":[0,0],"6":[0,0],"7":[0,0]},"f":{"1":0,"2":0,"3":0,"4":0,"5":0,"6":0,"7":0,"8":0},"fnMap":{"1":{"name":"isEnabled","line":36,"loc":{"start":{"line":36,"column":4},"end":{"line":40,"column":4}}},"2":{"name":"enableScanner","line":48,"loc":{"start":{"line":48,"column":4},"end":{"line":51,"column":4}}},"3":{"name":"disableScanner","line":58,"loc":{"start":{"line":58,"column":4},"end":{"line":61,"column":4}}},"4":{"name":"_getDisableFlags","line":70,"loc":{"start":{"line":70,"column":4},"end":{"line":72,"column":4}}},"5":{"name":"_hasPermission","line":82,"loc":{"start":{"line":82,"column":4},"end":{"line":88,"column":4}}},"6":{"name":"_enable","line":97,"loc":{"start":{"line":97,"column":4},"end":{"line":101,"column":4}}},"7":{"name":"_msgSender","line":107,"loc":{"start":{"line":107,"column":4},"end":{"line":109,"column":4}}},"8":{"name":"_msgData","line":114,"loc":{"start":{"line":114,"column":4},"end":{"line":116,"column":4}}}},"statementMap":{"1":{"start":{"line":37,"column":8},"end":{"line":37,"column":1306}},"2":{"start":{"line":49,"column":8},"end":{"line":49,"column":124}},"3":{"start":{"line":50,"column":8},"end":{"line":50,"column":43}},"4":{"start":{"line":59,"column":8},"end":{"line":59,"column":124}},"5":{"start":{"line":60,"column":8},"end":{"line":60,"column":44}},"6":{"start":{"line":71,"column":8},"end":{"line":71,"column":44}},"7":{"start":{"line":83,"column":8},"end":{"line":83,"column":98}},"8":{"start":{"line":83,"column":48},"end":{"line":83,"column":96}},"9":{"start":{"line":84,"column":8},"end":{"line":84,"column":100}},"10":{"start":{"line":84,"column":48},"end":{"line":84,"column":98}},"11":{"start":{"line":85,"column":8},"end":{"line":85,"column":91}},"12":{"start":{"line":85,"column":48},"end":{"line":85,"column":89}},"13":{"start":{"line":86,"column":8},"end":{"line":86,"column":91}},"14":{"start":{"line":86,"column":48},"end":{"line":86,"column":89}},"15":{"start":{"line":87,"column":8},"end":{"line":87,"column":20}},"16":{"start":{"line":98,"column":8},"end":{"line":98,"column":94}},"17":{"start":{"line":99,"column":8},"end":{"line":99,"column":61}},"18":{"start":{"line":100,"column":8},"end":{"line":100,"column":80}},"19":{"start":{"line":108,"column":8},"end":{"line":108,"column":33}},"20":{"start":{"line":115,"column":8},"end":{"line":115,"column":31}}},"branchMap":{"1":{"line":49,"type":"if","locations":[{"start":{"line":49,"column":8},"end":{"line":49,"column":8}},{"start":{"line":49,"column":8},"end":{"line":49,"column":8}}]},"2":{"line":59,"type":"if","locations":[{"start":{"line":59,"column":8},"end":{"line":59,"column":8}},{"start":{"line":59,"column":8},"end":{"line":59,"column":8}}]},"3":{"line":83,"type":"if","locations":[{"start":{"line":83,"column":8},"end":{"line":83,"column":8}},{"start":{"line":83,"column":8},"end":{"line":83,"column":8}}]},"4":{"line":84,"type":"if","locations":[{"start":{"line":84,"column":8},"end":{"line":84,"column":8}},{"start":{"line":84,"column":8},"end":{"line":84,"column":8}}]},"5":{"line":85,"type":"if","locations":[{"start":{"line":85,"column":8},"end":{"line":85,"column":8}},{"start":{"line":85,"column":8},"end":{"line":85,"column":8}}]},"6":{"line":86,"type":"if","locations":[{"start":{"line":86,"column":8},"end":{"line":86,"column":8}},{"start":{"line":86,"column":8},"end":{"line":86,"column":8}}]},"7":{"line":98,"type":"if","locations":[{"start":{"line":98,"column":8},"end":{"line":98,"column":8}},{"start":{"line":98,"column":8},"end":{"line":98,"column":8}}]}}},"contracts/components/scanners/ScannerRegistryManaged.sol":{"l":{"24":0,"25":0,"35":0,"45":0,"56":0},"path":"/Users/robertocantu/ethereum_programming/forta/forta-contracts/contracts/components/scanners/ScannerRegistryManaged.sol","s":{"1":0,"2":0,"3":0,"4":0},"b":{"1":[0,0]},"f":{"1":0,"2":0,"3":0,"4":0},"fnMap":{"1":{"name":"onlyManagerOf","line":23,"loc":{"start":{"line":23,"column":4},"end":{"line":26,"column":4}}},"2":{"name":"isManager","line":34,"loc":{"start":{"line":34,"column":4},"end":{"line":36,"column":4}}},"3":{"name":"getManagerCount","line":44,"loc":{"start":{"line":44,"column":4},"end":{"line":46,"column":4}}},"4":{"name":"getManagerAt","line":55,"loc":{"start":{"line":55,"column":4},"end":{"line":57,"column":4}}}},"statementMap":{"1":{"start":{"line":24,"column":8},"end":{"line":24,"column":106}},"2":{"start":{"line":35,"column":8},"end":{"line":35,"column":53}},"3":{"start":{"line":45,"column":8},"end":{"line":45,"column":44}},"4":{"start":{"line":56,"column":8},"end":{"line":56,"column":45}}},"branchMap":{"1":{"line":24,"type":"if","locations":[{"start":{"line":24,"column":8},"end":{"line":24,"column":8}},{"start":{"line":24,"column":8},"end":{"line":24,"column":8}}]}}},"contracts/components/scanners/ScannerRegistryMetadata.sol":{"l":{"25":0,"26":0,"40":0,"50":0},"path":"/Users/robertocantu/ethereum_programming/forta/forta-contracts/contracts/components/scanners/ScannerRegistryMetadata.sol","s":{"1":0,"2":0,"3":0,"4":0},"b":{},"f":{"1":0,"2":0,"3":0},"fnMap":{"1":{"name":"getScanner","line":24,"loc":{"start":{"line":24,"column":4},"end":{"line":32,"column":4}}},"2":{"name":"getScannerChainId","line":39,"loc":{"start":{"line":39,"column":4},"end":{"line":41,"column":4}}},"3":{"name":"_getStakeThreshold","line":49,"loc":{"start":{"line":49,"column":4},"end":{"line":51,"column":4}}}},"statementMap":{"1":{"start":{"line":25,"column":8},"end":{"line":25,"column":40}},"2":{"start":{"line":26,"column":8},"end":{"line":26,"column":948}},"3":{"start":{"line":40,"column":8},"end":{"line":40,"column":50}},"4":{"start":{"line":50,"column":8},"end":{"line":50,"column":59}}},"branchMap":{}},"contracts/components/scanners/ScannerToNodeRunnerMigration.sol":{"l":{"42":0,"43":0,"44":0,"46":0,"47":0,"48":0,"56":0,"78":0,"102":0,"111":0,"112":0,"113":0,"114":0,"115":0,"116":0,"118":0,"120":0,"121":0,"122":0,"123":0,"126":0,"129":0,"130":0,"134":0,"135":0,"136":0,"147":0,"151":0,"160":0,"161":0,"162":0,"164":0,"165":0,"166":0,"169":0,"171":0,"173":0},"path":"/Users/robertocantu/ethereum_programming/forta/forta-contracts/contracts/components/scanners/ScannerToNodeRunnerMigration.sol","s":{"1":0,"2":0,"3":0,"4":0,"5":0,"6":0,"7":0,"8":0,"9":0,"10":0,"11":0,"12":0,"13":0,"14":0,"15":0,"16":0,"17":0,"18":0,"19":0,"20":0,"21":0,"22":0,"23":0,"24":0,"25":0,"26":0,"27":0,"28":0,"29":0,"30":0,"31":0,"32":0,"33":0,"34":0},"b":{"1":[0,0],"2":[0,0],"3":[0,0],"4":[0,0],"5":[0,0],"6":[0,0],"7":[0,0],"8":[0,0],"9":[0,0],"10":[0,0]},"f":{"1":0,"2":0,"3":0,"4":0,"5":0,"6":0,"7":0,"8":0},"fnMap":{"1":{"name":"constructor","line":41,"loc":{"start":{"line":36,"column":4},"end":{"line":49,"column":4}}},"2":{"name":"initialize","line":55,"loc":{"start":{"line":55,"column":4},"end":{"line":57,"column":4}}},"3":{"name":"selfMigrate","line":73,"loc":{"start":{"line":73,"column":4},"end":{"line":79,"column":4}}},"4":{"name":"migrate","line":101,"loc":{"start":{"line":96,"column":4},"end":{"line":103,"column":4}}},"5":{"name":"_migrate","line":105,"loc":{"start":{"line":105,"column":4},"end":{"line":131,"column":4}}},"6":{"name":"_checksScanner","line":133,"loc":{"start":{"line":133,"column":4},"end":{"line":137,"column":4}}},"7":{"name":"_migrateRegistries","line":140,"loc":{"start":{"line":140,"column":4},"end":{"line":153,"column":4}}},"8":{"name":"_getScannerPoolIdOrMint","line":155,"loc":{"start":{"line":155,"column":4},"end":{"line":174,"column":4}}}},"statementMap":{"1":{"start":{"line":42,"column":8},"end":{"line":42,"column":90}},"2":{"start":{"line":43,"column":8},"end":{"line":43,"column":90}},"3":{"start":{"line":44,"column":8},"end":{"line":44,"column":78}},"4":{"start":{"line":46,"column":8},"end":{"line":46,"column":66}},"5":{"start":{"line":47,"column":8},"end":{"line":47,"column":70}},"6":{"start":{"line":48,"column":8},"end":{"line":48,"column":53}},"7":{"start":{"line":56,"column":8},"end":{"line":56,"column":49}},"8":{"start":{"line":78,"column":8},"end":{"line":78,"column":71}},"9":{"start":{"line":102,"column":8},"end":{"line":102,"column":70}},"10":{"start":{"line":111,"column":8},"end":{"line":111,"column":97}},"11":{"start":{"line":112,"column":8},"end":{"line":112,"column":39}},"12":{"start":{"line":113,"column":8},"end":{"line":113,"column":36}},"13":{"start":{"line":114,"column":8},"end":{"line":114,"column":6012}},"14":{"start":{"line":115,"column":12},"end":{"line":115,"column":83}},"15":{"start":{"line":116,"column":12},"end":{"line":116,"column":116}},"16":{"start":{"line":118,"column":12},"end":{"line":118,"column":109}},"17":{"start":{"line":120,"column":12},"end":{"line":120,"column":6394}},"18":{"start":{"line":121,"column":16},"end":{"line":121,"column":95}},"19":{"start":{"line":123,"column":20},"end":{"line":123,"column":118}},"20":{"start":{"line":129,"column":8},"end":{"line":129,"column":138}},"21":{"start":{"line":130,"column":8},"end":{"line":130,"column":28}},"22":{"start":{"line":134,"column":8},"end":{"line":134,"column":122}},"23":{"start":{"line":135,"column":8},"end":{"line":135,"column":99}},"24":{"start":{"line":136,"column":8},"end":{"line":136,"column":27}},"25":{"start":{"line":147,"column":8},"end":{"line":147,"column":7557}},"26":{"start":{"line":151,"column":8},"end":{"line":151,"column":97}},"27":{"start":{"line":160,"column":8},"end":{"line":160,"column":8107}},"28":{"start":{"line":161,"column":12},"end":{"line":161,"column":8173}},"29":{"start":{"line":164,"column":16},"end":{"line":164,"column":112}},"30":{"start":{"line":165,"column":16},"end":{"line":165,"column":77}},"31":{"start":{"line":166,"column":16},"end":{"line":166,"column":39}},"32":{"start":{"line":168,"column":15},"end":{"line":168,"column":8606}},"33":{"start":{"line":170,"column":15},"end":{"line":170,"column":8756}},"34":{"start":{"line":173,"column":8},"end":{"line":173,"column":28}}},"branchMap":{"1":{"line":42,"type":"if","locations":[{"start":{"line":42,"column":8},"end":{"line":42,"column":8}},{"start":{"line":42,"column":8},"end":{"line":42,"column":8}}]},"2":{"line":43,"type":"if","locations":[{"start":{"line":43,"column":8},"end":{"line":43,"column":8}},{"start":{"line":43,"column":8},"end":{"line":43,"column":8}}]},"3":{"line":44,"type":"if","locations":[{"start":{"line":44,"column":8},"end":{"line":44,"column":8}},{"start":{"line":44,"column":8},"end":{"line":44,"column":8}}]},"4":{"line":116,"type":"if","locations":[{"start":{"line":116,"column":12},"end":{"line":116,"column":12}},{"start":{"line":116,"column":12},"end":{"line":116,"column":12}}]},"5":{"line":120,"type":"if","locations":[{"start":{"line":120,"column":12},"end":{"line":120,"column":12}},{"start":{"line":120,"column":12},"end":{"line":120,"column":12}}]},"6":{"line":135,"type":"if","locations":[{"start":{"line":135,"column":8},"end":{"line":135,"column":8}},{"start":{"line":135,"column":8},"end":{"line":135,"column":8}}]},"7":{"line":160,"type":"if","locations":[{"start":{"line":160,"column":8},"end":{"line":160,"column":8}},{"start":{"line":160,"column":8},"end":{"line":160,"column":8}}]},"8":{"line":161,"type":"if","locations":[{"start":{"line":161,"column":12},"end":{"line":161,"column":12}},{"start":{"line":161,"column":12},"end":{"line":161,"column":12}}]},"9":{"line":168,"type":"if","locations":[{"start":{"line":168,"column":15},"end":{"line":168,"column":15}},{"start":{"line":168,"column":15},"end":{"line":168,"column":15}}]},"10":{"line":170,"type":"if","locations":[{"start":{"line":170,"column":15},"end":{"line":170,"column":15}},{"start":{"line":170,"column":15},"end":{"line":170,"column":15}}]}}},"contracts/components/staking/allocation/IStakeAllocator.sol":{"l":{},"path":"/Users/robertocantu/ethereum_programming/forta/forta-contracts/contracts/components/staking/allocation/IStakeA
[...]
53,"column":37}},"9":{"start":{"line":56,"column":8},"end":{"line":56,"column":35}},"10":{"start":{"line":57,"column":8},"end":{"line":57,"column":23}},"11":{"start":{"line":58,"column":8},"end":{"line":58,"column":23}},"12":{"start":{"line":59,"column":8},"end":{"line":59,"column":29}},"13":{"start":{"line":63,"column":8},"end":{"line":63,"column":27}},"14":{"start":{"line":67,"column":8},"end":{"line":67,"column":21}},"15":{"start":{"line":71,"column":8},"end":{"line":71,"column":21}},"16":{"start":{"line":75,"column":8},"end":{"line":75,"column":24}},"17":{"start":{"line":79,"column":8},"end":{"line":79,"column":31}},"18":{"start":{"line":88,"column":8},"end":{"line":88,"column":2972}},"19":{"start":{"line":92,"column":8},"end":{"line":92,"column":37}},"20":{"start":{"line":93,"column":8},"end":{"line":93,"column":46}},"21":{"start":{"line":94,"column":8},"end":{"line":94,"column":71}},"22":{"start":{"line":104,"column":8},"end":{"line":104,"column":3637}},"23":{"start":{"line":105,"column":12},"end":{"line":105,"column":20}},"24":{"start":{"line":106,"column":15},"end":{"line":106,"column":3711}},"25":{"start":{"line":107,"column":12},"end":{"line":107,"column":44}},"26":{"start":{"line":109,"column":12},"end":{"line":109,"column":81}},"27":{"start":{"line":115,"column":8},"end":{"line":115,"column":71}},"28":{"start":{"line":120,"column":8},"end":{"line":120,"column":44}}},"branchMap":{"1":{"line":26,"type":"if","locations":[{"start":{"line":26,"column":8},"end":{"line":26,"column":8}},{"start":{"line":26,"column":8},"end":{"line":26,"column":8}}]},"2":{"line":44,"type":"if","locations":[{"start":{"line":44,"column":8},"end":{"line":44,"column":8}},{"start":{"line":44,"column":8},"end":{"line":44,"column":8}}]},"3":{"line":45,"type":"if","locations":[{"start":{"line":45,"column":8},"end":{"line":45,"column":8}},{"start":{"line":45,"column":8},"end":{"line":45,"column":8}}]},"4":{"line":50,"type":"if","locations":[{"start":{"line":50,"column":8},"end":{"line":50,"column":8}},{"start":{"line":50,"column":8},"end":{"line":50,"column":8}}]},"5":{"line":104,"type":"if","locations":[{"start":{"line":104,"column":8},"end":{"line":104,"column":8}},{"start":{"line":104,"column":8},"end":{"line":104,"column":8}}]},"6":{"line":106,"type":"if","locations":[{"start":{"line":106,"column":15},"end":{"line":106,"column":15}},{"start":{"line":106,"column":15},"end":{"line":106,"column":15}}]}}},"contracts/vesting/escrow/StakingEscrow.sol":{"l":{"40":0,"41":0,"47":0,"48":0,"62":0,"63":0,"76":0,"77":0,"78":0,"79":0,"92":0,"93":0,"95":0,"96":0,"106":0,"117":0,"126":0,"139":0,"166":0,"167":0,"170":0,"181":0,"191":0,"192":0,"199":0,"206":0,"215":0,"216":0,"221":0,"222":0,"227":0,"228":0},"path":"/Users/robertocantu/ethereum_programming/forta/forta-contracts/contracts/vesting/escrow/StakingEscrow.sol","s":{"1":0,"2":0,"3":0,"4":0,"5":0,"6":0,"7":0,"8":0,"9":0,"10":0,"11":0,"12":0,"13":0,"14":0,"15":0,"16":0,"17":0,"18":0,"19":0,"20":0,"21":0,"22":0,"23":0,"24":0,"25":0,"26":0,"27":0,"28":0,"29":0,"30":0},"b":{"1":[0,0],"2":[0,0],"3":[0,0],"4":[0,0],"5":[0,0],"6":[0,0],"7":[0,0],"8":[0,0],"9":[0,0]},"f":{"1":0,"2":0,"3":0,"4":0,"5":0,"6":0,"7":0,"8":0,"9":0,"10":0,"11":0,"12":0,"13":0,"14":0,"15":0,"16":0,"17":0,"18":0},"fnMap":{"1":{"name":"onlyManager","line":39,"loc":{"start":{"line":39,"column":4},"end":{"line":42,"column":4}}},"2":{"name":"vestingBalance","line":46,"loc":{"start":{"line":46,"column":4},"end":{"line":49,"column":4}}},"3":{"name":"constructor","line":61,"loc":{"start":{"line":57,"column":4},"end":{"line":64,"column":4}}},"4":{"name":"initialize","line":75,"loc":{"start":{"line":72,"column":4},"end":{"line":80,"column":4}}},"5":{"name":"deposit","line":91,"loc":{"start":{"line":91,"column":4},"end":{"line":97,"column":4}}},"6":{"name":"deposit","line":105,"loc":{"start":{"line":105,"column":4},"end":{"line":107,"column":4}}},"7":{"name":"initiateWithdrawal","line":116,"loc":{"start":{"line":116,"column":4},"end":{"line":118,"column":4}}},"8":{"name":"initiateWithdrawal","line":125,"loc":{"start":{"line":125,"column":4},"end":{"line":131,"column":4}}},"9":{"name":"withdraw","line":138,"loc":{"start":{"line":138,"column":4},"end":{"line":140,"column":4}}},"10":{"name":"claimReward","line":151,"loc":{"start":{"line":151,"column":4},"end":{"line":154,"column":4}}},"11":{"name":"release","line":165,"loc":{"start":{"line":165,"column":4},"end":{"line":175,"column":4}}},"12":{"name":"releaseAllReward","line":180,"loc":{"start":{"line":180,"column":4},"end":{"line":182,"column":4}}},"13":{"name":"bridge","line":190,"loc":{"start":{"line":190,"column":4},"end":{"line":193,"column":4}}},"14":{"name":"bridge","line":198,"loc":{"start":{"line":198,"column":4},"end":{"line":200,"column":4}}},"15":{"name":"supportsInterface","line":205,"loc":{"start":{"line":205,"column":4},"end":{"line":209,"column":4}}},"16":{"name":"onRewardReceived","line":214,"loc":{"start":{"line":214,"column":4},"end":{"line":217,"column":4}}},"17":{"name":"onERC1155Received","line":220,"loc":{"start":{"line":220,"column":4},"end":{"line":223,"column":4}}},"18":{"name":"onERC1155BatchReceived","line":226,"loc":{"start":{"line":226,"column":4},"end":{"line":229,"column":4}}}},"statementMap":{"1":{"start":{"line":40,"column":8},"end":{"line":40,"column":90}},"2":{"start":{"line":47,"column":8},"end":{"line":47,"column":104}},"3":{"start":{"line":62,"column":8},"end":{"line":62,"column":26}},"4":{"start":{"line":63,"column":8},"end":{"line":63,"column":28}},"5":{"start":{"line":76,"column":8},"end":{"line":76,"column":72}},"6":{"start":{"line":77,"column":8},"end":{"line":77,"column":72}},"7":{"start":{"line":78,"column":8},"end":{"line":78,"column":30}},"8":{"start":{"line":79,"column":8},"end":{"line":79,"column":30}},"9":{"start":{"line":92,"column":8},"end":{"line":92,"column":71}},"10":{"start":{"line":93,"column":8},"end":{"line":93,"column":76}},"11":{"start":{"line":95,"column":8},"end":{"line":95,"column":62}},"12":{"start":{"line":96,"column":8},"end":{"line":96,"column":21}},"13":{"start":{"line":106,"column":8},"end":{"line":106,"column":94}},"14":{"start":{"line":117,"column":8},"end":{"line":117,"column":78}},"15":{"start":{"line":126,"column":8},"end":{"line":126,"column":6073}},"16":{"start":{"line":139,"column":8},"end":{"line":139,"column":55}},"17":{"start":{"line":166,"column":8},"end":{"line":166,"column":8079}},"18":{"start":{"line":167,"column":12},"end":{"line":167,"column":34}},"19":{"start":{"line":170,"column":8},"end":{"line":170,"column":8199}},"20":{"start":{"line":181,"column":8},"end":{"line":181,"column":57}},"21":{"start":{"line":191,"column":8},"end":{"line":191,"column":52}},"22":{"start":{"line":192,"column":8},"end":{"line":192,"column":44}},"23":{"start":{"line":199,"column":8},"end":{"line":199,"column":63}},"24":{"start":{"line":206,"column":8},"end":{"line":206,"column":9492}},"25":{"start":{"line":215,"column":8},"end":{"line":215,"column":95}},"26":{"start":{"line":216,"column":8},"end":{"line":216,"column":30}},"27":{"start":{"line":221,"column":8},"end":{"line":221,"column":95}},"28":{"start":{"line":222,"column":8},"end":{"line":222,"column":46}},"29":{"start":{"line":227,"column":8},"end":{"line":227,"column":95}},"30":{"start":{"line":228,"column":8},"end":{"line":228,"column":51}}},"branchMap":{"1":{"line":40,"type":"if","locations":[{"start":{"line":40,"column":8},"end":{"line":40,"column":8}},{"start":{"line":40,"column":8},"end":{"line":40,"column":8}}]},"2":{"line":47,"type":"if","locations":[{"start":{"line":47,"column":8},"end":{"line":47,"column":8}},{"start":{"line":47,"column":8},"end":{"line":47,"column":8}}]},"3":{"line":76,"type":"if","locations":[{"start":{"line":76,"column":8},"end":{"line":76,"column":8}},{"start":{"line":76,"column":8},"end":{"line":76,"column":8}}]},"4":{"line":77,"type":"if","locations":[{"start":{"line":77,"column":8},"end":{"line":77,"column":8}},{"start":{"line":77,"column":8},"end":{"line":77,"column":8}}]},"5":{"line":166,"type":"if","locations":[{"start":{"line":166,"column":8},"end":{"line":166,"column":8}},{"start":{"line":166,"column":8},"end":{"line":166,"column":8}}]},"6":{"line":191,"type":"if","locations":[{"start":{"line":191,"column":8},"end":{"line":191,"column":8}},{"start":{"line":191,"column":8},"end":{"line":191,"column":8}}]},"7":{"line":215,"type":"if","locations":[{"start":{"line":215,"column":8},"end":{"line":215,"column":8}},{"start":{"line":215,"column":8},"end":{"line":215,"column":8}}]},"8":{"line":221,"type":"if","locations":[{"start":{"line":221,"column":8},"end":{"line":221,"column":8}},{"start":{"line":221,"column":8},"end":{"line":221,"column":8}}]},"9":{"line":227,"type":"if","locations":[{"start":{"line":227,"column":8},"end":{"line":227,"column":8}},{"start":{"line":227,"column":8},"end":{"line":227,"column":8}}]}}},"contracts/vesting/escrow/StakingEscrowFactory.sol":{"l":{"40":0,"41":0,"42":0,"43":0,"61":0,"62":0,"63":0,"67":0,"68":0,"70":0,"72":0,"85":0},"path":"/Users/robertocantu/ethereum_programming/forta/forta-contracts/contracts/vesting/escrow/StakingEscrowFactory.sol","s":{"1":0,"2":0,"3":0,"4":0,"5":0,"6":0,"7":0,"8":0,"9":0,"10":0,"11":0,"12":0},"b":{"1":[0,0],"2":[0,0],"3":[0,0]},"f":{"1":0,"2":0,"3":0},"fnMap":{"1":{"name":"constructor","line":39,"loc":{"start":{"line":39,"column":4},"end":{"line":48,"column":4}}},"2":{"name":"newWallet","line":57,"loc":{"start":{"line":57,"column":4},"end":{"line":73,"column":4}}},"3":{"name":"predictWallet","line":81,"loc":{"start":{"line":81,"column":4},"end":{"line":89,"column":4}}}},"statementMap":{"1":{"start":{"line":40,"column":8},"end":{"line":40,"column":86}},"2":{"start":{"line":41,"column":8},"end":{"line":41,"column":71}},"3":{"start":{"line":42,"column":8},"end":{"line":42,"column":27}},"4":{"start":{"line":43,"column":8},"end":{"line":43,"column":2204}},"5":{"start":{"line":61,"column":8},"end":{"line":61,"column":64}},"6":{"start":{"line":62,"column":8},"end":{"line":62,"column":64}},"7":{"start":{"line":63,"column":8},"end":{"line":63,"column":2971}},"8":{"start":{"line":67,"column":8},"end":{"line":67,"column":59}},"9":{"start":{"line":68,"column":8},"end":{"line":68,"column":56}},"10":{"start":{"line":70,"column":8},"end":{"line":70,"column":57}},"11":{"start":{"line":72,"column":8},"end":{"line":72,"column":23}},"12":{"start":{"line":85,"column":8},"end":{"line":85,"column":3772}}},"branchMap":{"1":{"line":40,"type":"if","locations":[{"start":{"line":40,"column":8},"end":{"line":40,"column":8}},{"start":{"line":40,"column":8},"end":{"line":40,"column":8}}]},"2":{"line":61,"type":"if","locations":[{"start":{"line":61,"column":8},"end":{"line":61,"column":8}},{"start":{"line":61,"column":8},"end":{"line":61,"column":8}}]},"3":{"line":62,"type":"if","locations":[{"start":{"line":62,"column":8},"end":{"line":62,"column":8}},{"start":{"line":62,"column":8},"end":{"line":62,"column":8}}]}}},"contracts/vesting/escrow/StakingEscrowUtils.sol":{"l":{"9":0},"path":"/Users/robertocantu/ethereum_programming/forta/forta-contracts/contracts/vesting/escrow/StakingEscrowUtils.sol","s":{"1":0},"b":{},"f":{"1":0},"fnMap":{"1":{"name":"computeSalt","line":8,"loc":{"start":{"line":8,"column":4},"end":{"line":10,"column":4}}}},"statementMap":{"1":{"start":{"line":9,"column":8},"end":{"line":9,"column":60}}},"branchMap":{}},"contracts/vesting/IRootChainManager.sol":{"l":{},"path":"/Users/robertocantu/ethereum_programming/forta/forta-contracts/contracts/vesting/IRootChainManager.sol","s":{},"b":{},"f":{},"fnMap":{},"statementMap":{},"branchMap":{}},"contracts/vesting/VestingWalletV1.sol":{"l":{"29":0,"30":0,"47":0,"48":0,"50":0,"51":0,"53":0,"54":0,"56":0,"59":0,"60":0,"61":0,"62":0,"67":0,"72":0,"77":0,"82":0,"87":0,"94":0,"98":0,"99":0,"100":0,"107":0,"108":0,"110":0,"112":0,"120":0,"127":0},"path":"/Users/robertocantu/ethereum_programming/forta/forta-contracts/contracts/vesting/VestingWalletV1.sol","s":{"1":0,"2":0,"3":0,"4":0,"5":0,"6":0,"7":0,"8":0,"9":0,"10":0,"11":0,"12":0,"13":0,"14":0,"15":0,"16":0,"17":0,"18":0,"19":0,"20":0,"21":0,"22":0,"23":0,"24":0,"25":0,"26":0,"27":0,"28":0},"b":{"1":[0,0],"2":[0,0],"3":[0,0],"4":[0,0],"5":[0,0],"6":[0,0]},"f":{"1":0,"2":0,"3":0,"4":0,"5":0,"6":0,"7":0,"8":0,"9":0,"10":0,"11":0,"12":0,"13":0},"fnMap":{"1":{"name":"constructor","line":15,"loc":{"start":{"line":15,"column":4},"end":{"line":16,"column":5}}},"2":{"name":"onlyBeneficiary","line":28,"loc":{"start":{"line":28,"column":4},"end":{"line":31,"column":4}}},"3":{"name":"initialize","line":46,"loc":{"start":{"line":40,"column":4},"end":{"line":63,"column":4}}},"4":{"name":"beneficiary","line":66,"loc":{"start":{"line":66,"column":4},"end":{"line":68,"column":4}}},"5":{"name":"start","line":71,"loc":{"start":{"line":71,"column":4},"end":{"line":73,"column":4}}},"6":{"name":"cliff","line":76,"loc":{"start":{"line":76,"column":4},"end":{"line":78,"column":4}}},"7":{"name":"duration","line":81,"loc":{"start":{"line":81,"column":4},"end":{"line":83,"column":4}}},"8":{"name":"released","line":86,"loc":{"start":{"line":86,"column":4},"end":{"line":88,"column":4}}},"9":{"name":"release","line":93,"loc":{"start":{"line":93,"column":4},"end":{"line":101,"column":4}}},"10":{"name":"vestedAmount","line":106,"loc":{"start":{"line":106,"column":4},"end":{"line":114,"column":4}}},"11":{"name":"_historicalBalance","line":119,"loc":{"start":{"line":119,"column":4},"end":{"line":121,"column":4}}},"12":{"name":"delegate","line":126,"loc":{"start":{"line":126,"column":4},"end":{"line":128,"column":4}}},"13":{"name":"_authorizeUpgrade","line":134,"loc":{"start":{"line":133,"column":4},"end":{"line":135,"column":5}}}},"statementMap":{"1":{"start":{"line":29,"column":8},"end":{"line":29,"column":96}},"2":{"start":{"line":47,"column":8},"end":{"line":47,"column":76}},"3":{"start":{"line":48,"column":8},"end":{"line":48,"column":64}},"4":{"start":{"line":50,"column":8},"end":{"line":50,"column":23}},"5":{"start":{"line":51,"column":8},"end":{"line":51,"column":31}},"6":{"start":{"line":53,"column":8},"end":{"line":53,"column":1979}},"7":{"start":{"line":54,"column":12},"end":{"line":54,"column":30}},"8":{"start":{"line":56,"column":12},"end":{"line":56,"column":36}},"9":{"start":{"line":59,"column":8},"end":{"line":59,"column":34}},"10":{"start":{"line":60,"column":8},"end":{"line":60,"column":22}},"11":{"start":{"line":61,"column":8},"end":{"line":61,"column":22}},"12":{"start":{"line":62,"column":8},"end":{"line":62,"column":28}},"13":{"start":{"line":67,"column":8},"end":{"line":67,"column":27}},"14":{"start":{"line":72,"column":8},"end":{"line":72,"column":21}},"15":{"start":{"line":77,"column":8},"end":{"line":77,"column":21}},"16":{"start":{"line":82,"column":8},"end":{"line":82,"column":24}},"17":{"start":{"line":87,"column":8},"end":{"line":87,"column":31}},"18":{"start":{"line":94,"column":8},"end":{"line":94,"column":3141}},"19":{"start":{"line":98,"column":8},"end":{"line":98,"column":37}},"20":{"start":{"line":99,"column":8},"end":{"line":99,"column":46}},"21":{"start":{"line":100,"column":8},"end":{"line":100,"column":71}},"22":{"start":{"line":107,"column":8},"end":{"line":107,"column":3653}},"23":{"start":{"line":108,"column":12},"end":{"line":108,"column":20}},"24":{"start":{"line":109,"column":15},"end":{"line":109,"column":3727}},"25":{"start":{"line":110,"column":12},"end":{"line":110,"column":44}},"26":{"start":{"line":112,"column":12},"end":{"line":112,"column":81}},"27":{"start":{"line":120,"column":8},"end":{"line":120,"column":71}},"28":{"start":{"line":127,"column":8},"end":{"line":127,"column":44}}},"branchMap":{"1":{"line":29,"type":"if","locations":[{"start":{"line":29,"column":8},"end":{"line":29,"column":8}},{"start":{"line":29,"column":8},"end":{"line":29,"column":8}}]},"2":{"line":47,"type":"if","locations":[{"start":{"line":47,"column":8},"end":{"line":47,"column":8}},{"start":{"line":47,"column":8},"end":{"line":47,"column":8}}]},"3":{"line":48,"type":"if","locations":[{"start":{"line":48,"column":8},"end":{"line":48,"column":8}},{"start":{"line":48,"column":8},"end":{"line":48,"column":8}}]},"4":{"line":53,"type":"if","locations":[{"start":{"line":53,"column":8},"end":{"line":53,"column":8}},{"start":{"line":53,"column":8},"end":{"line":53,"column":8}}]},"5":{"line":107,"type":"if","locations":[{"start":{"line":107,"column":8},"end":{"line":107,"column":8}},{"start":{"line":107,"column":8},"end":{"line":107,"column":8}}]},"6":{"line":109,"type":"if","locations":[{"start":{"line":109,"column":15},"end":{"line":109,"column":15}},{"start":{"line":109,"column":15},"end":{"line":109,"column":15}}]}}},"contracts/vesting/VestingWalletV2.sol":{"l":{"46":0,"47":0,"48":0,"49":0,"62":0,"63":0,"79":0,"80":0,"82":0,"85":0,"90":0,"92":0,"95":0,"97":0,"99":0,"110":0,"111":0,"113":0,"126":0,"127":0,"137":0},"path":"/Users/robertocantu/ethereum_programming/forta/forta-contracts/contracts/vesting/VestingWalletV2.sol","s":{"1":0,"2":0,"3":0,"4":0,"5":0,"6":0,"7":0,"8":0,"9":0,"10":0,"11":0,"12":0,"13":0,"14":0,"15":0,"16":0,"17":0,"18":0,"19":0,"20":0,"21":0},"b":{"1":[0,0],"2":[0,0],"3":[0,0],"4":[0,0]},"f":{"1":0,"2":0,"3":0,"4":0,"5":0,"6":0},"fnMap":{"1":{"name":"constructor","line":40,"loc":{"start":{"line":40,"column":4},"end":{"line":50,"column":4}}},"2":{"name":"bridge","line":58,"loc":{"start":{"line":58,"column":4},"end":{"line":64,"column":4}}},"3":{"name":"bridge","line":77,"loc":{"start":{"line":74,"column":4},"end":{"line":100,"column":4}}},"4":{"name":"_historicalBalance","line":103,"loc":{"start":{"line":103,"column":4},"end":{"line":115,"column":4}}},"5":{"name":"setHistoricalBalanceMin","line":124,"loc":{"start":{"line":122,"column":4},"end":{"line":128,"column":4}}},"6":{"name":"updateHistoricalBalanceMin","line":135,"loc":{"start":{"line":133,"column":4},"end":{"line":138,"column":4}}}},"statementMap":{"1":{"start":{"line":46,"column":8},"end":{"line":46,"column":62}},"2":{"start":{"line":47,"column":8},"end":{"line":47,"column":34}},"3":{"start":{"line":48,"column":8},"end":{"line":48,"column":42}},"4":{"start":{"line":49,"column":8},"end":{"line":49,"column":43}},"5":{"start":{"line":62,"column":8},"end":{"line":62,"column":74}},"6":{"start":{"line":63,"column":8},"end":{"line":63,"column":36}},"7":{"start":{"line":79,"column":8},"end":{"line":79,"column":46}},"8":{"start":{"line":80,"column":8},"end":{"line":80,"column":67}},"9":{"start":{"line":82,"column":8},"end":{"line":82,"column":57}},"10":{"start":{"line":85,"column":8},"end":{"line":85,"column":3433}},"11":{"start":{"line":90,"column":8},"end":{"line":90,"column":99}},"12":{"start":{"line":92,"column":8},"end":{"line":92,"column":49}},"13":{"start":{"line":95,"column":8},"end":{"line":95,"column":73}},"14":{"start":{"line":97,"column":8},"end":{"line":97,"column":53}},"15":{"start":{"line":99,"column":8},"end":{"line":99,"column":55}},"16":{"start":{"line":110,"column":8},"end":{"line":110,"column":4275}},"17":{"start":{"line":111,"column":12},"end":{"line":111,"column":82}},"18":{"start":{"line":113,"column":12},"end":{"line":113,"column":50}},"19":{"start":{"line":126,"column":8},"end":{"line":126,"column":69}},"20":{"start":{"line":127,"column":8},"end":{"line":127,"column":35}},"21":{"start":{"line":137,"column":8},"end":{"line":137,"column":86}}},"branchMap":{"1":{"line":62,"type":"if","locations":[{"start":{"line":62,"column":8},"end":{"line":62,"column":8}},{"start":{"line":62,"column":8},"end":{"line":62,"column":8}}]},"2":{"line":79,"type":"if","locations":[{"start":{"line":79,"column":8},"end":{"line":79,"column":8}},{"start":{"line":79,"column":8},"end":{"line":79,"column":8}}]},"3":{"line":80,"type":"if","locations":[{"start":{"line":80,"column":8},"end":{"line":80,"column":8}},{"start":{"line":80,"column":8},"end":{"line":80,"column":8}}]},"4":{"line":110,"type":"if","locations":[{"start":{"line":110,"column":8},"end":{"line":110,"column":8}},{"start":{"line":110,"column":8},"end":{"line":110,"column":8}}]}}}}